  [1m[35m (0.1ms)[0m  [1m[34mSELECT sqlite_version(*)[0m
  ↳ /home/heena/.rvm/gems/ruby-2.5.1/bin/rake:23
  [1m[35m (20.7ms)[0m  [1m[35mCREATE TABLE "schema_migrations" ("version" varchar NOT NULL PRIMARY KEY)[0m
  ↳ /home/heena/.rvm/gems/ruby-2.5.1/bin/rake:23
  [1m[35m (6.5ms)[0m  [1m[35mCREATE TABLE "ar_internal_metadata" ("key" varchar NOT NULL PRIMARY KEY, "value" varchar, "created_at" datetime NOT NULL, "updated_at" datetime NOT NULL)[0m
  ↳ /home/heena/.rvm/gems/ruby-2.5.1/bin/rake:23
  [1m[35m (0.2ms)[0m  [1m[34mSELECT "schema_migrations"."version" FROM "schema_migrations" ORDER BY "schema_migrations"."version" ASC[0m
  ↳ /home/heena/.rvm/gems/ruby-2.5.1/bin/rake:23
Migrating to CreateTheatre (20180929011317)
  [1m[35m (0.1ms)[0m  [1m[36mbegin transaction[0m
  ↳ /home/heena/.rvm/gems/ruby-2.5.1/bin/rake:23
  [1m[35m (0.3ms)[0m  [1m[35mCREATE TABLE "theatres" ("id" integer PRIMARY KEY AUTOINCREMENT NOT NULL, "name" varchar, "address" varchar, "phone_no" integer)[0m
  ↳ db/migrate/20180929011317_create_theatre.rb:3
  [1m[36mActiveRecord::SchemaMigration Create (0.1ms)[0m  [1m[32mINSERT INTO "schema_migrations" ("version") VALUES (?)[0m  [["version", "20180929011317"]]
  ↳ /home/heena/.rvm/gems/ruby-2.5.1/bin/rake:23
  [1m[35m (9.0ms)[0m  [1m[36mcommit transaction[0m
  ↳ /home/heena/.rvm/gems/ruby-2.5.1/bin/rake:23
  [1m[36mActiveRecord::InternalMetadata Load (0.2ms)[0m  [1m[34mSELECT  "ar_internal_metadata".* FROM "ar_internal_metadata" WHERE "ar_internal_metadata"."key" = ? LIMIT ?[0m  [["key", "environment"], ["LIMIT", 1]]
  ↳ /home/heena/.rvm/gems/ruby-2.5.1/bin/rake:23
  [1m[35m (0.0ms)[0m  [1m[36mbegin transaction[0m
  ↳ /home/heena/.rvm/gems/ruby-2.5.1/bin/rake:23
  [1m[36mActiveRecord::InternalMetadata Create (0.2ms)[0m  [1m[32mINSERT INTO "ar_internal_metadata" ("key", "value", "created_at", "updated_at") VALUES (?, ?, ?, ?)[0m  [["key", "environment"], ["value", "development"], ["created_at", "2018-09-29 01:18:42.620335"], ["updated_at", "2018-09-29 01:18:42.620335"]]
  ↳ /home/heena/.rvm/gems/ruby-2.5.1/bin/rake:23
  [1m[35m (4.3ms)[0m  [1m[36mcommit transaction[0m
  ↳ /home/heena/.rvm/gems/ruby-2.5.1/bin/rake:23
  [1m[35m (0.1ms)[0m  [1m[34mSELECT "schema_migrations"."version" FROM "schema_migrations" ORDER BY "schema_migrations"."version" ASC[0m
  ↳ /home/heena/.rvm/gems/ruby-2.5.1/bin/rake:23
  [1m[35m (0.1ms)[0m  [1m[34mSELECT "schema_migrations"."version" FROM "schema_migrations" ORDER BY "schema_migrations"."version" ASC[0m
  ↳ /home/heena/.rvm/gems/ruby-2.5.1/bin/rake:23
Migrating to CreateTheatre (20180929012103)
  [1m[35m (0.1ms)[0m  [1m[36mbegin transaction[0m
  ↳ /home/heena/.rvm/gems/ruby-2.5.1/bin/rake:23
  [1m[35m (0.1ms)[0m  [1m[34mSELECT sqlite_version(*)[0m
  ↳ db/migrate/20180929012103_create_theatre.rb:3
  [1m[35m (0.2ms)[0m  [1m[35mCREATE TABLE "theatres" ("id" integer PRIMARY KEY AUTOINCREMENT NOT NULL, "name" varchar, "address" varchar, "phone_no" integer)[0m
  ↳ db/migrate/20180929012103_create_theatre.rb:3
  [1m[35m (0.0ms)[0m  [1m[31mrollback transaction[0m
  ↳ /home/heena/.rvm/gems/ruby-2.5.1/bin/rake:23
  [1m[35m (0.6ms)[0m  [1m[34mSELECT "schema_migrations"."version" FROM "schema_migrations" ORDER BY "schema_migrations"."version" ASC[0m
  ↳ /home/heena/.rvm/gems/ruby-2.5.1/bin/rake:23
Migrating to CreateTheatre (20180929012103)
  [1m[35m (0.3ms)[0m  [1m[36mbegin transaction[0m
  ↳ /home/heena/.rvm/gems/ruby-2.5.1/bin/rake:23
  [1m[35m (0.4ms)[0m  [1m[34mSELECT sqlite_version(*)[0m
  ↳ db/migrate/20180929012103_create_theatre.rb:3
  [1m[35m (1.2ms)[0m  [1m[35mCREATE TABLE "theatres" ("id" integer PRIMARY KEY AUTOINCREMENT NOT NULL, "name" varchar, "address" varchar, "phone_no" integer)[0m
  ↳ db/migrate/20180929012103_create_theatre.rb:3
  [1m[35m (0.2ms)[0m  [1m[31mrollback transaction[0m
  ↳ /home/heena/.rvm/gems/ruby-2.5.1/bin/rake:23
  [1m[35m (0.1ms)[0m  [1m[34mSELECT "schema_migrations"."version" FROM "schema_migrations" ORDER BY "schema_migrations"."version" ASC[0m
  ↳ bin/rails:9
  [1m[35m (0.0ms)[0m  [1m[34mSELECT "schema_migrations"."version" FROM "schema_migrations" ORDER BY "schema_migrations"."version" ASC[0m
  ↳ bin/rails:9
  [1m[35m (0.0ms)[0m  [1m[34mSELECT "schema_migrations"."version" FROM "schema_migrations" ORDER BY "schema_migrations"."version" ASC[0m
  ↳ bin/rails:9
  [1m[35m (0.1ms)[0m  [1m[34mSELECT "schema_migrations"."version" FROM "schema_migrations" ORDER BY "schema_migrations"."version" ASC[0m
  ↳ /home/heena/.rvm/gems/ruby-2.5.1/bin/rake:23
Migrating to CreateTheatre (20180929012103)
  [1m[35m (0.0ms)[0m  [1m[36mbegin transaction[0m
  ↳ /home/heena/.rvm/gems/ruby-2.5.1/bin/rake:23
  [1m[35m (0.1ms)[0m  [1m[34mSELECT sqlite_version(*)[0m
  ↳ db/migrate/20180929012103_create_theatre.rb:3
  [1m[35m (0.2ms)[0m  [1m[35mCREATE TABLE "theatres" ("id" integer PRIMARY KEY AUTOINCREMENT NOT NULL, "name" varchar, "address" varchar, "phone_no" integer)[0m
  ↳ db/migrate/20180929012103_create_theatre.rb:3
  [1m[35m (0.0ms)[0m  [1m[31mrollback transaction[0m
  ↳ /home/heena/.rvm/gems/ruby-2.5.1/bin/rake:23
  [1m[35m (0.1ms)[0m  [1m[34mSELECT "schema_migrations"."version" FROM "schema_migrations" ORDER BY "schema_migrations"."version" ASC[0m
  ↳ /home/heena/.rvm/gems/ruby-2.5.1/bin/rake:23
Migrating to CreateTheatre (20180929012103)
  [1m[35m (0.0ms)[0m  [1m[36mbegin transaction[0m
  ↳ /home/heena/.rvm/gems/ruby-2.5.1/bin/rake:23
  [1m[35m (0.1ms)[0m  [1m[34mSELECT sqlite_version(*)[0m
  ↳ db/migrate/20180929012103_create_theatre.rb:3
  [1m[35m (0.2ms)[0m  [1m[35mCREATE TABLE "theatres" ("id" integer PRIMARY KEY AUTOINCREMENT NOT NULL, "name" varchar, "address" varchar, "phone_no" integer)[0m
  ↳ db/migrate/20180929012103_create_theatre.rb:3
  [1m[35m (0.0ms)[0m  [1m[31mrollback transaction[0m
  ↳ /home/heena/.rvm/gems/ruby-2.5.1/bin/rake:23
  [1m[35m (0.1ms)[0m  [1m[34mSELECT "schema_migrations"."version" FROM "schema_migrations" ORDER BY "schema_migrations"."version" ASC[0m
  ↳ /home/heena/.rvm/gems/ruby-2.5.1/bin/rake:23
Migrating to CreateTheatre (20180929012103)
  [1m[35m (0.0ms)[0m  [1m[36mbegin transaction[0m
  ↳ /home/heena/.rvm/gems/ruby-2.5.1/bin/rake:23
  [1m[35m (0.1ms)[0m  [1m[34mSELECT sqlite_version(*)[0m
  ↳ db/migrate/20180929012103_create_theatre.rb:3
  [1m[35m (0.2ms)[0m  [1m[35mCREATE TABLE "theatres" ("id" integer PRIMARY KEY AUTOINCREMENT NOT NULL, "name" varchar, "address" varchar, "phone_no" integer)[0m
  ↳ db/migrate/20180929012103_create_theatre.rb:3
  [1m[35m (0.0ms)[0m  [1m[31mrollback transaction[0m
  ↳ /home/heena/.rvm/gems/ruby-2.5.1/bin/rake:23
  [1m[35m (0.1ms)[0m  [1m[34mSELECT "schema_migrations"."version" FROM "schema_migrations" ORDER BY "schema_migrations"."version" ASC[0m
  ↳ /home/heena/.rvm/gems/ruby-2.5.1/bin/rake:23
  [1m[35m (11.9ms)[0m  [1m[34mSELECT "ar_internal_metadata"."value" FROM "ar_internal_metadata" WHERE "ar_internal_metadata"."key" = ?[0m  [["key", "environment"]]
  ↳ /home/heena/.rvm/gems/ruby-2.5.1/bin/rake:23
  [1m[35m (0.0ms)[0m  [1m[34mSELECT "schema_migrations"."version" FROM "schema_migrations" ORDER BY "schema_migrations"."version" ASC[0m
  ↳ /home/heena/.rvm/gems/ruby-2.5.1/bin/rake:23
  [1m[35m (0.0ms)[0m  [1m[34mSELECT "ar_internal_metadata"."value" FROM "ar_internal_metadata" WHERE "ar_internal_metadata"."key" = ?[0m  [["key", "environment"]]
  ↳ /home/heena/.rvm/gems/ruby-2.5.1/bin/rake:23
  [1m[35m (0.1ms)[0m  [1m[34mSELECT "schema_migrations"."version" FROM "schema_migrations" ORDER BY "schema_migrations"."version" ASC[0m
  ↳ /home/heena/.rvm/gems/ruby-2.5.1/bin/rake:23
  [1m[35m (0.1ms)[0m  [1m[34mSELECT "ar_internal_metadata"."value" FROM "ar_internal_metadata" WHERE "ar_internal_metadata"."key" = ?[0m  [["key", "environment"]]
  ↳ /home/heena/.rvm/gems/ruby-2.5.1/bin/rake:23
  [1m[35m (0.3ms)[0m  [1m[35mDROP TABLE IF EXISTS "theatres"[0m
  ↳ db/schema.rb:15
  [1m[35m (0.2ms)[0m  [1m[34mSELECT sqlite_version(*)[0m
  ↳ db/schema.rb:15
  [1m[35m (7.4ms)[0m  [1m[35mCREATE TABLE "theatres" ("id" integer PRIMARY KEY AUTOINCREMENT NOT NULL, "name" varchar, "address" varchar, "phone_no" integer)[0m
  ↳ db/schema.rb:15
  [1m[35m (15.1ms)[0m  [1m[35mCREATE TABLE "schema_migrations" ("version" varchar NOT NULL PRIMARY KEY)[0m
  ↳ db/schema.rb:13
  [1m[35m (0.4ms)[0m  [1m[34mSELECT "schema_migrations"."version" FROM "schema_migrations" ORDER BY "schema_migrations"."version" ASC[0m
  ↳ db/schema.rb:13
  [1m[35m (6.6ms)[0m  [1m[32mINSERT INTO "schema_migrations" (version) VALUES (20180929011317)[0m
  ↳ db/schema.rb:13
  [1m[35m (10.1ms)[0m  [1m[35mCREATE TABLE "ar_internal_metadata" ("key" varchar NOT NULL PRIMARY KEY, "value" varchar, "created_at" datetime NOT NULL, "updated_at" datetime NOT NULL)[0m
  ↳ db/schema.rb:13
  [1m[36mActiveRecord::InternalMetadata Load (0.5ms)[0m  [1m[34mSELECT  "ar_internal_metadata".* FROM "ar_internal_metadata" WHERE "ar_internal_metadata"."key" = ? LIMIT ?[0m  [["key", "environment"], ["LIMIT", 1]]
  ↳ db/schema.rb:13
  [1m[35m (0.1ms)[0m  [1m[36mbegin transaction[0m
  ↳ db/schema.rb:13
  [1m[36mActiveRecord::InternalMetadata Create (0.4ms)[0m  [1m[32mINSERT INTO "ar_internal_metadata" ("key", "value", "created_at", "updated_at") VALUES (?, ?, ?, ?)[0m  [["key", "environment"], ["value", "development"], ["created_at", "2018-10-01 06:40:01.880092"], ["updated_at", "2018-10-01 06:40:01.880092"]]
  ↳ db/schema.rb:13
  [1m[35m (3.7ms)[0m  [1m[36mcommit transaction[0m
  ↳ db/schema.rb:13
  [1m[36mActiveRecord::InternalMetadata Load (0.1ms)[0m  [1m[34mSELECT  "ar_internal_metadata".* FROM "ar_internal_metadata" WHERE "ar_internal_metadata"."key" = ? LIMIT ?[0m  [["key", "environment"], ["LIMIT", 1]]
  ↳ /home/heena/.rvm/gems/ruby-2.5.1/bin/rake:23
  [1m[35m (0.1ms)[0m  [1m[36mbegin transaction[0m
  ↳ /home/heena/.rvm/gems/ruby-2.5.1/bin/rake:23
  [1m[35m (0.1ms)[0m  [1m[36mcommit transaction[0m
  ↳ /home/heena/.rvm/gems/ruby-2.5.1/bin/rake:23
  [1m[35m (0.1ms)[0m  [1m[35mDROP TABLE IF EXISTS "theatres"[0m
  ↳ db/schema.rb:15
  [1m[35m (0.1ms)[0m  [1m[34mSELECT sqlite_version(*)[0m
  ↳ db/schema.rb:15
  [1m[35m (6.6ms)[0m  [1m[35mCREATE TABLE "theatres" ("id" integer PRIMARY KEY AUTOINCREMENT NOT NULL, "name" varchar, "address" varchar, "phone_no" integer)[0m
  ↳ db/schema.rb:15
  [1m[35m (4.1ms)[0m  [1m[35mCREATE TABLE "schema_migrations" ("version" varchar NOT NULL PRIMARY KEY)[0m
  ↳ db/schema.rb:13
  [1m[35m (0.2ms)[0m  [1m[34mSELECT "schema_migrations"."version" FROM "schema_migrations" ORDER BY "schema_migrations"."version" ASC[0m
  ↳ db/schema.rb:13
  [1m[35m (3.4ms)[0m  [1m[32mINSERT INTO "schema_migrations" (version) VALUES (20180929011317)[0m
  ↳ db/schema.rb:13
  [1m[35m (5.7ms)[0m  [1m[35mCREATE TABLE "ar_internal_metadata" ("key" varchar NOT NULL PRIMARY KEY, "value" varchar, "created_at" datetime NOT NULL, "updated_at" datetime NOT NULL)[0m
  ↳ db/schema.rb:13
  [1m[36mActiveRecord::InternalMetadata Load (0.2ms)[0m  [1m[34mSELECT  "ar_internal_metadata".* FROM "ar_internal_metadata" WHERE "ar_internal_metadata"."key" = ? LIMIT ?[0m  [["key", "environment"], ["LIMIT", 1]]
  ↳ db/schema.rb:13
  [1m[35m (0.0ms)[0m  [1m[36mbegin transaction[0m
  ↳ db/schema.rb:13
  [1m[36mActiveRecord::InternalMetadata Create (0.2ms)[0m  [1m[32mINSERT INTO "ar_internal_metadata" ("key", "value", "created_at", "updated_at") VALUES (?, ?, ?, ?)[0m  [["key", "environment"], ["value", "development"], ["created_at", "2018-10-01 06:40:01.925081"], ["updated_at", "2018-10-01 06:40:01.925081"]]
  ↳ db/schema.rb:13
  [1m[35m (3.4ms)[0m  [1m[36mcommit transaction[0m
  ↳ db/schema.rb:13
  [1m[36mActiveRecord::InternalMetadata Load (0.1ms)[0m  [1m[34mSELECT  "ar_internal_metadata".* FROM "ar_internal_metadata" WHERE "ar_internal_metadata"."key" = ? LIMIT ?[0m  [["key", "environment"], ["LIMIT", 1]]
  ↳ /home/heena/.rvm/gems/ruby-2.5.1/bin/rake:23
  [1m[35m (0.1ms)[0m  [1m[36mbegin transaction[0m
  ↳ /home/heena/.rvm/gems/ruby-2.5.1/bin/rake:23
  [1m[36mActiveRecord::InternalMetadata Update (0.3ms)[0m  [1m[33mUPDATE "ar_internal_metadata" SET "value" = ?, "updated_at" = ? WHERE "ar_internal_metadata"."key" = ?[0m  [["value", "test"], ["updated_at", "2018-10-01 06:40:01.932405"], ["key", "environment"]]
  ↳ /home/heena/.rvm/gems/ruby-2.5.1/bin/rake:23
  [1m[35m (3.4ms)[0m  [1m[36mcommit transaction[0m
  ↳ /home/heena/.rvm/gems/ruby-2.5.1/bin/rake:23
  [1m[35m (0.1ms)[0m  [1m[34mSELECT "schema_migrations"."version" FROM "schema_migrations" ORDER BY "schema_migrations"."version" ASC[0m
  ↳ /home/heena/.rvm/gems/ruby-2.5.1/bin/rake:23
  [1m[35m (0.1ms)[0m  [1m[34mSELECT "schema_migrations"."version" FROM "schema_migrations" ORDER BY "schema_migrations"."version" ASC[0m
  ↳ /home/heena/.rvm/gems/ruby-2.5.1/bin/rake:23
Migrating to CreateTheatre (20180929012103)
  [1m[35m (0.0ms)[0m  [1m[36mbegin transaction[0m
  ↳ /home/heena/.rvm/gems/ruby-2.5.1/bin/rake:23
  [1m[35m (0.1ms)[0m  [1m[34mSELECT sqlite_version(*)[0m
  ↳ db/migrate/20180929012103_create_theatre.rb:3
  [1m[35m (0.2ms)[0m  [1m[35mCREATE TABLE "theatres" ("id" integer PRIMARY KEY AUTOINCREMENT NOT NULL, "name" varchar, "address" varchar, "phone_no" integer)[0m
  ↳ db/migrate/20180929012103_create_theatre.rb:3
  [1m[35m (0.0ms)[0m  [1m[31mrollback transaction[0m
  ↳ /home/heena/.rvm/gems/ruby-2.5.1/bin/rake:23
  [1m[35m (0.1ms)[0m  [1m[34mSELECT "schema_migrations"."version" FROM "schema_migrations" ORDER BY "schema_migrations"."version" ASC[0m
  ↳ /home/heena/.rvm/gems/ruby-2.5.1/bin/rake:23
  [1m[35m (0.1ms)[0m  [1m[34mSELECT "ar_internal_metadata"."value" FROM "ar_internal_metadata" WHERE "ar_internal_metadata"."key" = ?[0m  [["key", "environment"]]
  ↳ /home/heena/.rvm/gems/ruby-2.5.1/bin/rake:23
  [1m[35m (0.1ms)[0m  [1m[34mSELECT "schema_migrations"."version" FROM "schema_migrations" ORDER BY "schema_migrations"."version" ASC[0m
  ↳ /home/heena/.rvm/gems/ruby-2.5.1/bin/rake:23
  [1m[35m (0.0ms)[0m  [1m[34mSELECT "ar_internal_metadata"."value" FROM "ar_internal_metadata" WHERE "ar_internal_metadata"."key" = ?[0m  [["key", "environment"]]
  ↳ /home/heena/.rvm/gems/ruby-2.5.1/bin/rake:23
  [1m[35m (0.0ms)[0m  [1m[34mSELECT "schema_migrations"."version" FROM "schema_migrations" ORDER BY "schema_migrations"."version" ASC[0m
  ↳ /home/heena/.rvm/gems/ruby-2.5.1/bin/rake:23
  [1m[35m (0.0ms)[0m  [1m[34mSELECT "ar_internal_metadata"."value" FROM "ar_internal_metadata" WHERE "ar_internal_metadata"."key" = ?[0m  [["key", "environment"]]
  ↳ /home/heena/.rvm/gems/ruby-2.5.1/bin/rake:23
  [1m[35m (0.1ms)[0m  [1m[34mSELECT sqlite_version(*)[0m
  ↳ /home/heena/.rvm/gems/ruby-2.5.1/bin/rake:23
  [1m[35m (61.1ms)[0m  [1m[35mCREATE TABLE "schema_migrations" ("version" varchar NOT NULL PRIMARY KEY)[0m
  ↳ /home/heena/.rvm/gems/ruby-2.5.1/bin/rake:23
  [1m[35m (5.3ms)[0m  [1m[35mCREATE TABLE "ar_internal_metadata" ("key" varchar NOT NULL PRIMARY KEY, "value" varchar, "created_at" datetime NOT NULL, "updated_at" datetime NOT NULL)[0m
  ↳ /home/heena/.rvm/gems/ruby-2.5.1/bin/rake:23
  [1m[35m (0.1ms)[0m  [1m[34mSELECT "schema_migrations"."version" FROM "schema_migrations" ORDER BY "schema_migrations"."version" ASC[0m
  ↳ /home/heena/.rvm/gems/ruby-2.5.1/bin/rake:23
Migrating to CreateTheatre (20180929012103)
  [1m[35m (0.0ms)[0m  [1m[36mbegin transaction[0m
  ↳ /home/heena/.rvm/gems/ruby-2.5.1/bin/rake:23
  [1m[35m (0.3ms)[0m  [1m[35mCREATE TABLE "theatres" ("id" integer PRIMARY KEY AUTOINCREMENT NOT NULL, "name" varchar, "address" varchar, "phone_no" integer)[0m
  ↳ db/migrate/20180929012103_create_theatre.rb:3
  [1m[36mActiveRecord::SchemaMigration Create (0.1ms)[0m  [1m[32mINSERT INTO "schema_migrations" ("version") VALUES (?)[0m  [["version", "20180929012103"]]
  ↳ /home/heena/.rvm/gems/ruby-2.5.1/bin/rake:23
  [1m[35m (4.8ms)[0m  [1m[36mcommit transaction[0m
  ↳ /home/heena/.rvm/gems/ruby-2.5.1/bin/rake:23
Migrating to CreateAudi (20181001061808)
  [1m[35m (0.2ms)[0m  [1m[36mbegin transaction[0m
  ↳ /home/heena/.rvm/gems/ruby-2.5.1/bin/rake:23
  [1m[35m (0.8ms)[0m  [1m[35mCREATE TABLE "audis" ("id" integer PRIMARY KEY AUTOINCREMENT NOT NULL, "number" integer, "number_of_seats" integer, "theatre_id" integer)[0m
  ↳ db/migrate/20181001061808_create_audi.rb:3
  [1m[36mActiveRecord::SchemaMigration Create (0.4ms)[0m  [1m[32mINSERT INTO "schema_migrations" ("version") VALUES (?)[0m  [["version", "20181001061808"]]
  ↳ /home/heena/.rvm/gems/ruby-2.5.1/bin/rake:23
  [1m[35m (5.9ms)[0m  [1m[36mcommit transaction[0m
  ↳ /home/heena/.rvm/gems/ruby-2.5.1/bin/rake:23
Migrating to CreateMovie (20181001061823)
  [1m[35m (0.2ms)[0m  [1m[36mbegin transaction[0m
  ↳ /home/heena/.rvm/gems/ruby-2.5.1/bin/rake:23
  [1m[35m (0.9ms)[0m  [1m[35mCREATE TABLE "movies" ("id" integer PRIMARY KEY AUTOINCREMENT NOT NULL, "name" varchar, "category" varchar)[0m
  ↳ db/migrate/20181001061823_create_movie.rb:3
  [1m[36mActiveRecord::SchemaMigration Create (0.3ms)[0m  [1m[32mINSERT INTO "schema_migrations" ("version") VALUES (?)[0m  [["version", "20181001061823"]]
  ↳ /home/heena/.rvm/gems/ruby-2.5.1/bin/rake:23
  [1m[35m (17.4ms)[0m  [1m[36mcommit transaction[0m
  ↳ /home/heena/.rvm/gems/ruby-2.5.1/bin/rake:23
Migrating to CreateUser (20181001061832)
  [1m[35m (0.1ms)[0m  [1m[36mbegin transaction[0m
  ↳ /home/heena/.rvm/gems/ruby-2.5.1/bin/rake:23
  [1m[35m (0.9ms)[0m  [1m[35mCREATE TABLE "users" ("id" integer PRIMARY KEY AUTOINCREMENT NOT NULL, "name" varchar, "age" integer, "phone_no" integer)[0m
  ↳ db/migrate/20181001061832_create_user.rb:3
  [1m[36mActiveRecord::SchemaMigration Create (0.5ms)[0m  [1m[32mINSERT INTO "schema_migrations" ("version") VALUES (?)[0m  [["version", "20181001061832"]]
  ↳ /home/heena/.rvm/gems/ruby-2.5.1/bin/rake:23
  [1m[35m (28.9ms)[0m  [1m[36mcommit transaction[0m
  ↳ /home/heena/.rvm/gems/ruby-2.5.1/bin/rake:23
Migrating to CreateShow (20181001061841)
  [1m[35m (0.1ms)[0m  [1m[36mbegin transaction[0m
  ↳ /home/heena/.rvm/gems/ruby-2.5.1/bin/rake:23
  [1m[35m (0.7ms)[0m  [1m[35mCREATE TABLE "shows" ("id" integer PRIMARY KEY AUTOINCREMENT NOT NULL, "time" varchar, "available_seats" varchar, "audi_id" integer, "movie_id" integer)[0m
  ↳ db/migrate/20181001061841_create_show.rb:3
  [1m[36mActiveRecord::SchemaMigration Create (0.4ms)[0m  [1m[32mINSERT INTO "schema_migrations" ("version") VALUES (?)[0m  [["version", "20181001061841"]]
  ↳ /home/heena/.rvm/gems/ruby-2.5.1/bin/rake:23
  [1m[35m (11.1ms)[0m  [1m[36mcommit transaction[0m
  ↳ /home/heena/.rvm/gems/ruby-2.5.1/bin/rake:23
Migrating to CreateBooking (20181001061913)
  [1m[35m (0.2ms)[0m  [1m[36mbegin transaction[0m
  ↳ /home/heena/.rvm/gems/ruby-2.5.1/bin/rake:23
  [1m[35m (1.2ms)[0m  [1m[35mCREATE TABLE "bookings" ("id" integer PRIMARY KEY AUTOINCREMENT NOT NULL, "seat_limit" integer)[0m
  ↳ db/migrate/20181001061913_create_booking.rb:3
  [1m[36mActiveRecord::SchemaMigration Create (0.3ms)[0m  [1m[32mINSERT INTO "schema_migrations" ("version") VALUES (?)[0m  [["version", "20181001061913"]]
  ↳ /home/heena/.rvm/gems/ruby-2.5.1/bin/rake:23
  [1m[35m (7.0ms)[0m  [1m[36mcommit transaction[0m
  ↳ /home/heena/.rvm/gems/ruby-2.5.1/bin/rake:23
Migrating to CreateTicket (20181001061942)
  [1m[35m (0.1ms)[0m  [1m[36mbegin transaction[0m
  ↳ /home/heena/.rvm/gems/ruby-2.5.1/bin/rake:23
  [1m[35m (0.6ms)[0m  [1m[35mCREATE TABLE "tickets" ("id" integer PRIMARY KEY AUTOINCREMENT NOT NULL, "booking_id" integer, "user_id" integer, "audi_id" integer)[0m
  ↳ db/migrate/20181001061942_create_ticket.rb:3
  [1m[36mActiveRecord::SchemaMigration Create (0.3ms)[0m  [1m[32mINSERT INTO "schema_migrations" ("version") VALUES (?)[0m  [["version", "20181001061942"]]
  ↳ /home/heena/.rvm/gems/ruby-2.5.1/bin/rake:23
  [1m[35m (6.2ms)[0m  [1m[36mcommit transaction[0m
  ↳ /home/heena/.rvm/gems/ruby-2.5.1/bin/rake:23
  [1m[36mActiveRecord::InternalMetadata Load (0.2ms)[0m  [1m[34mSELECT  "ar_internal_metadata".* FROM "ar_internal_metadata" WHERE "ar_internal_metadata"."key" = ? LIMIT ?[0m  [["key", "environment"], ["LIMIT", 1]]
  ↳ /home/heena/.rvm/gems/ruby-2.5.1/bin/rake:23
  [1m[35m (0.1ms)[0m  [1m[36mbegin transaction[0m
  ↳ /home/heena/.rvm/gems/ruby-2.5.1/bin/rake:23
  [1m[36mActiveRecord::InternalMetadata Create (0.3ms)[0m  [1m[32mINSERT INTO "ar_internal_metadata" ("key", "value", "created_at", "updated_at") VALUES (?, ?, ?, ?)[0m  [["key", "environment"], ["value", "development"], ["created_at", "2018-10-01 06:40:53.129311"], ["updated_at", "2018-10-01 06:40:53.129311"]]
  ↳ /home/heena/.rvm/gems/ruby-2.5.1/bin/rake:23
  [1m[35m (3.6ms)[0m  [1m[36mcommit transaction[0m
  ↳ /home/heena/.rvm/gems/ruby-2.5.1/bin/rake:23
  [1m[35m (0.2ms)[0m  [1m[34mSELECT "schema_migrations"."version" FROM "schema_migrations" ORDER BY "schema_migrations"."version" ASC[0m
  ↳ /home/heena/.rvm/gems/ruby-2.5.1/bin/rake:23
  [1m[35m (0.2ms)[0m  [1m[36mbegin transaction[0m
  [1m[36mTheatre Exists (0.3ms)[0m  [1m[34mSELECT  1 AS one FROM "theatres" WHERE "theatres"."name" = ? LIMIT ?[0m  [["name", "INOX"], ["LIMIT", 1]]
  [1m[35m (0.1ms)[0m  [1m[31mrollback transaction[0m
  [1m[35m (0.3ms)[0m  [1m[36mbegin transaction[0m
  [1m[36mTheatre Exists (0.2ms)[0m  [1m[34mSELECT  1 AS one FROM "theatres" WHERE "theatres"."name" = ? LIMIT ?[0m  [["name", "INOX"], ["LIMIT", 1]]
  [1m[35m (0.1ms)[0m  [1m[31mrollback transaction[0m
  [1m[36mTheatre Exists (0.2ms)[0m  [1m[34mSELECT  1 AS one FROM "theatres" WHERE "theatres"."name" = ? LIMIT ?[0m  [["name", "INOX"], ["LIMIT", 1]]
  [1m[36mTheatre Exists (0.2ms)[0m  [1m[34mSELECT  1 AS one FROM "theatres" WHERE "theatres"."name" = ? LIMIT ?[0m  [["name", "INOX"], ["LIMIT", 1]]
  [1m[36mTheatre Exists (0.2ms)[0m  [1m[34mSELECT  1 AS one FROM "theatres" WHERE "theatres"."name" = ? LIMIT ?[0m  [["name", "INOX"], ["LIMIT", 1]]
  [1m[36mTheatre Exists (0.2ms)[0m  [1m[34mSELECT  1 AS one FROM "theatres" WHERE "theatres"."name" = ? LIMIT ?[0m  [["name", "LackCityINOX"], ["LIMIT", 1]]
  [1m[35m (0.3ms)[0m  [1m[36mbegin transaction[0m
  [1m[36mTheatre Exists (0.5ms)[0m  [1m[34mSELECT  1 AS one FROM "theatres" WHERE "theatres"."name" = ? LIMIT ?[0m  [["name", "LackCityINOX"], ["LIMIT", 1]]
  [1m[35m (0.2ms)[0m  [1m[31mrollback transaction[0m
  [1m[35m (0.3ms)[0m  [1m[36mbegin transaction[0m
  [1m[36mTheatre Exists (0.2ms)[0m  [1m[34mSELECT  1 AS one FROM "theatres" WHERE "theatres"."phone_no" = ? LIMIT ?[0m  [["phone_no", 91667022500], ["LIMIT", 1]]
  [1m[36mTheatre Create (0.2ms)[0m  [1m[32mINSERT INTO "theatres" ("name", "address", "phone_no") VALUES (?, ?, ?)[0m  [["name", "LackCityINOX"], ["address", "Udaipur"], ["phone_no", 91667022500]]
  [1m[35m (4.0ms)[0m  [1m[36mcommit transaction[0m
  [1m[35m (0.3ms)[0m  [1m[36mbegin transaction[0m
  [1m[36mAudi Exists (0.2ms)[0m  [1m[34mSELECT  1 AS one FROM "audis" WHERE "audis"."number" = ? LIMIT ?[0m  [["number", 101], ["LIMIT", 1]]
  [1m[35m (0.1ms)[0m  [1m[31mrollback transaction[0m
  [1m[35m (0.3ms)[0m  [1m[36mbegin transaction[0m
  [1m[36mAudi Exists (0.6ms)[0m  [1m[34mSELECT  1 AS one FROM "audis" WHERE "audis"."number" = ? LIMIT ?[0m  [["number", 101], ["LIMIT", 1]]
  [1m[36mTheatre Load (0.2ms)[0m  [1m[34mSELECT  "theatres".* FROM "theatres" WHERE "theatres"."id" = ? LIMIT ?[0m  [["id", 0], ["LIMIT", 1]]
  [1m[35m (0.1ms)[0m  [1m[31mrollback transaction[0m
  [1m[35m (0.2ms)[0m  [1m[36mbegin transaction[0m
  [1m[36mAudi Exists (0.6ms)[0m  [1m[34mSELECT  1 AS one FROM "audis" WHERE "audis"."number" = ? LIMIT ?[0m  [["number", 101], ["LIMIT", 1]]
  [1m[36mTheatre Load (0.1ms)[0m  [1m[34mSELECT  "theatres".* FROM "theatres" WHERE "theatres"."id" = ? LIMIT ?[0m  [["id", 1], ["LIMIT", 1]]
  [1m[36mAudi Create (0.3ms)[0m  [1m[32mINSERT INTO "audis" ("number", "number_of_seats", "theatre_id") VALUES (?, ?, ?)[0m  [["number", 101], ["number_of_seats", 250], ["theatre_id", 1]]
  [1m[35m (3.5ms)[0m  [1m[36mcommit transaction[0m
  [1m[35m (0.3ms)[0m  [1m[36mbegin transaction[0m
  [1m[36mAudi Exists (0.6ms)[0m  [1m[34mSELECT  1 AS one FROM "audis" WHERE "audis"."number" = ? LIMIT ?[0m  [["number", 102], ["LIMIT", 1]]
  [1m[36mTheatre Load (0.1ms)[0m  [1m[34mSELECT  "theatres".* FROM "theatres" WHERE "theatres"."id" = ? LIMIT ?[0m  [["id", 1], ["LIMIT", 1]]
  [1m[36mAudi Create (0.2ms)[0m  [1m[32mINSERT INTO "audis" ("number", "number_of_seats", "theatre_id") VALUES (?, ?, ?)[0m  [["number", 102], ["number_of_seats", 300], ["theatre_id", 1]]
  [1m[35m (3.6ms)[0m  [1m[36mcommit transaction[0m
  [1m[36mAudi Load (0.2ms)[0m  [1m[34mSELECT  "audis".* FROM "audis" WHERE "audis"."theatre_id" = ? LIMIT ?[0m  [["theatre_id", 1], ["LIMIT", 11]]
  [1m[35m (0.2ms)[0m  [1m[36mbegin transaction[0m
  [1m[36mTheatre Exists (14.0ms)[0m  [1m[34mSELECT  1 AS one FROM "theatres" WHERE "theatres"."phone_no" = ? LIMIT ?[0m  [["phone_no", 8823993655], ["LIMIT", 1]]
  [1m[36mTheatre Create (1.8ms)[0m  [1m[32mINSERT INTO "theatres" ("name", "address", "phone_no") VALUES (?, ?, ?)[0m  [["name", "LakeCityINOX"], ["address", "Udaipur"], ["phone_no", 8823993655]]
  [1m[35m (5.6ms)[0m  [1m[36mcommit transaction[0m
  [1m[35m (0.2ms)[0m  [1m[36mbegin transaction[0m
  [1m[36mTheatre Exists (0.5ms)[0m  [1m[34mSELECT  1 AS one FROM "theatres" WHERE "theatres"."phone_no" = ? LIMIT ?[0m  [["phone_no", 9166702250], ["LIMIT", 1]]
  [1m[36mTheatre Create (0.2ms)[0m  [1m[32mINSERT INTO "theatres" ("name", "address", "phone_no") VALUES (?, ?, ?)[0m  [["name", "CelebrationPVR"], ["address", "Udaipur"], ["phone_no", 9166702250]]
  [1m[35m (4.0ms)[0m  [1m[36mcommit transaction[0m
  [1m[35m (0.2ms)[0m  [1m[36mbegin transaction[0m
  [1m[36mAudi Exists (0.6ms)[0m  [1m[34mSELECT  1 AS one FROM "audis" WHERE "audis"."number" = ? LIMIT ?[0m  [["number", 101], ["LIMIT", 1]]
  [1m[36mTheatre Load (0.5ms)[0m  [1m[34mSELECT  "theatres".* FROM "theatres" WHERE "theatres"."id" = ? LIMIT ?[0m  [["id", 2], ["LIMIT", 1]]
  [1m[35m (0.2ms)[0m  [1m[31mrollback transaction[0m
  [1m[35m (0.3ms)[0m  [1m[36mbegin transaction[0m
  [1m[36mAudi Exists (0.2ms)[0m  [1m[34mSELECT  1 AS one FROM "audis" WHERE "audis"."number" = ? LIMIT ?[0m  [["number", 101], ["LIMIT", 1]]
  [1m[36mTheatre Load (0.1ms)[0m  [1m[34mSELECT  "theatres".* FROM "theatres" WHERE "theatres"."id" = ? LIMIT ?[0m  [["id", 0], ["LIMIT", 1]]
  [1m[35m (0.1ms)[0m  [1m[31mrollback transaction[0m
  [1m[35m (0.2ms)[0m  [1m[36mbegin transaction[0m
  [1m[36mAudi Exists (0.2ms)[0m  [1m[34mSELECT  1 AS one FROM "audis" WHERE "audis"."number" = ? LIMIT ?[0m  [["number", 101], ["LIMIT", 1]]
  [1m[36mTheatre Load (0.1ms)[0m  [1m[34mSELECT  "theatres".* FROM "theatres" WHERE "theatres"."id" = ? LIMIT ?[0m  [["id", 2], ["LIMIT", 1]]
  [1m[35m (0.0ms)[0m  [1m[31mrollback transaction[0m
  [1m[35m (0.3ms)[0m  [1m[36mbegin transaction[0m
  [1m[36mAudi Exists (0.2ms)[0m  [1m[34mSELECT  1 AS one FROM "audis" WHERE "audis"."number" = ? LIMIT ?[0m  [["number", 1001], ["LIMIT", 1]]
  [1m[36mTheatre Load (0.1ms)[0m  [1m[34mSELECT  "theatres".* FROM "theatres" WHERE "theatres"."id" = ? LIMIT ?[0m  [["id", 2], ["LIMIT", 1]]
  [1m[36mAudi Create (0.3ms)[0m  [1m[32mINSERT INTO "audis" ("number", "number_of_seats", "theatre_id") VALUES (?, ?, ?)[0m  [["number", 1001], ["number_of_seats", 200], ["theatre_id", 2]]
  [1m[35m (4.6ms)[0m  [1m[36mcommit transaction[0m
  [1m[35m (0.3ms)[0m  [1m[36mbegin transaction[0m
  [1m[36mAudi Exists (0.2ms)[0m  [1m[34mSELECT  1 AS one FROM "audis" WHERE "audis"."number" = ? LIMIT ?[0m  [["number", 1002], ["LIMIT", 1]]
  [1m[36mTheatre Load (0.1ms)[0m  [1m[34mSELECT  "theatres".* FROM "theatres" WHERE "theatres"."id" = ? LIMIT ?[0m  [["id", 2], ["LIMIT", 1]]
  [1m[36mAudi Create (0.2ms)[0m  [1m[32mINSERT INTO "audis" ("number", "number_of_seats", "theatre_id") VALUES (?, ?, ?)[0m  [["number", 1002], ["number_of_seats", 300], ["theatre_id", 2]]
  [1m[35m (3.7ms)[0m  [1m[36mcommit transaction[0m
  [1m[35m (0.2ms)[0m  [1m[36mbegin transaction[0m
  [1m[36mAudi Exists (0.5ms)[0m  [1m[34mSELECT  1 AS one FROM "audis" WHERE "audis"."number" = ? LIMIT ?[0m  [["number", 2002], ["LIMIT", 1]]
  [1m[36mTheatre Load (0.1ms)[0m  [1m[34mSELECT  "theatres".* FROM "theatres" WHERE "theatres"."id" = ? LIMIT ?[0m  [["id", 3], ["LIMIT", 1]]
  [1m[36mAudi Create (0.2ms)[0m  [1m[32mINSERT INTO "audis" ("number", "number_of_seats", "theatre_id") VALUES (?, ?, ?)[0m  [["number", 2002], ["number_of_seats", 200], ["theatre_id", 3]]
  [1m[35m (4.7ms)[0m  [1m[36mcommit transaction[0m
  [1m[35m (0.3ms)[0m  [1m[36mbegin transaction[0m
  [1m[36mAudi Exists (0.1ms)[0m  [1m[34mSELECT  1 AS one FROM "audis" WHERE "audis"."number" = ? LIMIT ?[0m  [["number", 2001], ["LIMIT", 1]]
  [1m[36mTheatre Load (0.1ms)[0m  [1m[34mSELECT  "theatres".* FROM "theatres" WHERE "theatres"."id" = ? LIMIT ?[0m  [["id", 3], ["LIMIT", 1]]
  [1m[36mAudi Create (0.2ms)[0m  [1m[32mINSERT INTO "audis" ("number", "number_of_seats", "theatre_id") VALUES (?, ?, ?)[0m  [["number", 2001], ["number_of_seats", 300], ["theatre_id", 3]]
  [1m[35m (4.3ms)[0m  [1m[36mcommit transaction[0m
  [1m[36mAudi Load (0.6ms)[0m  [1m[34mSELECT  "audis".* FROM "audis" WHERE "audis"."theatre_id" = ? LIMIT ?[0m  [["theatre_id", 2], ["LIMIT", 11]]
  [1m[36mAudi Load (0.1ms)[0m  [1m[34mSELECT  "audis".* FROM "audis" WHERE "audis"."theatre_id" = ? LIMIT ?[0m  [["theatre_id", 3], ["LIMIT", 11]]
  [1m[35m (0.3ms)[0m  [1m[36mbegin transaction[0m
  [1m[36mMovie Create (0.8ms)[0m  [1m[32mINSERT INTO "movies" ("name", "category") VALUES (?, ?)[0m  [["name", "The NUN"], ["category", "Horror"]]
  [1m[35m (299.6ms)[0m  [1m[36mcommit transaction[0m
  [1m[35m (0.2ms)[0m  [1m[36mbegin transaction[0m
  [1m[36mMovie Create (0.9ms)[0m  [1m[32mINSERT INTO "movies" ("name", "category") VALUES (?, ?)[0m  [["name", "Stri"], ["category", "Horror"]]
  [1m[35m (315.5ms)[0m  [1m[36mcommit transaction[0m
  [1m[35m (0.3ms)[0m  [1m[36mbegin transaction[0m
  [1m[36mMovie Create (1.5ms)[0m  [1m[32mINSERT INTO "movies" ("name", "category") VALUES (?, ?)[0m  [["name", "Bahubali the conclusion"], ["category", "Action"]]
  [1m[35m (314.9ms)[0m  [1m[36mcommit transaction[0m
  [1m[35m (0.2ms)[0m  [1m[36mbegin transaction[0m
  [1m[36mMovie Create (0.8ms)[0m  [1m[32mINSERT INTO "movies" ("name", "category") VALUES (?, ?)[0m  [["name", "Veere The wedding"], ["category", "fiction"]]
  [1m[35m (384.3ms)[0m  [1m[36mcommit transaction[0m
  [1m[35m (0.3ms)[0m  [1m[36mbegin transaction[0m
  [1m[36mAudi Load (0.1ms)[0m  [1m[34mSELECT  "audis".* FROM "audis" WHERE "audis"."id" = ? LIMIT ?[0m  [["id", 3], ["LIMIT", 1]]
  [1m[36mMovie Load (0.1ms)[0m  [1m[34mSELECT  "movies".* FROM "movies" WHERE "movies"."id" = ? LIMIT ?[0m  [["id", 1], ["LIMIT", 1]]
  [1m[36mShow Create (0.2ms)[0m  [1m[32mINSERT INTO "shows" ("time", "available_seats", "audi_id", "movie_id") VALUES (?, ?, ?, ?)[0m  [["time", "10:00 AM-1:00 PM"], ["available_seats", "200"], ["audi_id", 3], ["movie_id", 1]]
  [1m[35m (4.9ms)[0m  [1m[36mcommit transaction[0m
  [1m[35m (0.3ms)[0m  [1m[36mbegin transaction[0m
  [1m[36mUser Exists (0.2ms)[0m  [1m[34mSELECT  1 AS one FROM "users" WHERE "users"."phone_no" = ? LIMIT ?[0m  [["phone_no", 9133493563], ["LIMIT", 1]]
  [1m[36mUser Create (0.3ms)[0m  [1m[32mINSERT INTO "users" ("name", "age", "phone_no") VALUES (?, ?, ?)[0m  [["name", "Akash"], ["age", 23], ["phone_no", 9133493563]]
  [1m[35m (304.5ms)[0m  [1m[36mcommit transaction[0m
  [1m[35m (0.2ms)[0m  [1m[36mbegin transaction[0m
  [1m[35m (0.1ms)[0m  [1m[31mrollback transaction[0m
  [1m[35m (0.1ms)[0m  [1m[36mbegin transaction[0m
  [1m[36mTheatre Exists (0.2ms)[0m  [1m[34mSELECT  1 AS one FROM "theatres" WHERE "theatres"."phone_no" = ? LIMIT ?[0m  [["phone_no", 8823993655], ["LIMIT", 1]]
  [1m[35m (0.1ms)[0m  [1m[31mrollback transaction[0m
  [1m[35m (0.1ms)[0m  [1m[34mSELECT "schema_migrations"."version" FROM "schema_migrations" ORDER BY "schema_migrations"."version" ASC[0m
  ↳ /home/heena/.rvm/gems/ruby-2.5.1/bin/rake:23
  [1m[35m (0.1ms)[0m  [1m[34mSELECT "ar_internal_metadata"."value" FROM "ar_internal_metadata" WHERE "ar_internal_metadata"."key" = ?[0m  [["key", "environment"]]
  ↳ /home/heena/.rvm/gems/ruby-2.5.1/bin/rake:23
  [1m[35m (0.1ms)[0m  [1m[34mSELECT "schema_migrations"."version" FROM "schema_migrations" ORDER BY "schema_migrations"."version" ASC[0m
  ↳ /home/heena/.rvm/gems/ruby-2.5.1/bin/rake:23
  [1m[35m (0.1ms)[0m  [1m[34mSELECT "ar_internal_metadata"."value" FROM "ar_internal_metadata" WHERE "ar_internal_metadata"."key" = ?[0m  [["key", "environment"]]
  ↳ /home/heena/.rvm/gems/ruby-2.5.1/bin/rake:23
  [1m[35m (0.1ms)[0m  [1m[34mSELECT "schema_migrations"."version" FROM "schema_migrations" ORDER BY "schema_migrations"."version" ASC[0m
  ↳ /home/heena/.rvm/gems/ruby-2.5.1/bin/rake:23
  [1m[35m (0.0ms)[0m  [1m[34mSELECT "ar_internal_metadata"."value" FROM "ar_internal_metadata" WHERE "ar_internal_metadata"."key" = ?[0m  [["key", "environment"]]
  ↳ /home/heena/.rvm/gems/ruby-2.5.1/bin/rake:23
  [1m[35m (0.1ms)[0m  [1m[34mSELECT sqlite_version(*)[0m
  ↳ /home/heena/.rvm/gems/ruby-2.5.1/bin/rake:23
  [1m[35m (4.9ms)[0m  [1m[35mCREATE TABLE "schema_migrations" ("version" varchar NOT NULL PRIMARY KEY)[0m
  ↳ /home/heena/.rvm/gems/ruby-2.5.1/bin/rake:23
  [1m[35m (14.4ms)[0m  [1m[35mCREATE TABLE "ar_internal_metadata" ("key" varchar NOT NULL PRIMARY KEY, "value" varchar, "created_at" datetime NOT NULL, "updated_at" datetime NOT NULL)[0m
  ↳ /home/heena/.rvm/gems/ruby-2.5.1/bin/rake:23
  [1m[35m (0.2ms)[0m  [1m[34mSELECT "schema_migrations"."version" FROM "schema_migrations" ORDER BY "schema_migrations"."version" ASC[0m
  ↳ /home/heena/.rvm/gems/ruby-2.5.1/bin/rake:23
Migrating to CreateTheatre (20180929012103)
  [1m[35m (0.2ms)[0m  [1m[36mbegin transaction[0m
  ↳ /home/heena/.rvm/gems/ruby-2.5.1/bin/rake:23
  [1m[35m (0.9ms)[0m  [1m[35mCREATE TABLE "theatres" ("id" integer PRIMARY KEY AUTOINCREMENT NOT NULL, "name" varchar, "address" varchar, "phone_no" integer)[0m
  ↳ db/migrate/20180929012103_create_theatre.rb:3
  [1m[36mActiveRecord::SchemaMigration Create (0.4ms)[0m  [1m[32mINSERT INTO "schema_migrations" ("version") VALUES (?)[0m  [["version", "20180929012103"]]
  ↳ /home/heena/.rvm/gems/ruby-2.5.1/bin/rake:23
  [1m[35m (6.2ms)[0m  [1m[36mcommit transaction[0m
  ↳ /home/heena/.rvm/gems/ruby-2.5.1/bin/rake:23
Migrating to CreateAudi (20181001061808)
  [1m[35m (0.1ms)[0m  [1m[36mbegin transaction[0m
  ↳ /home/heena/.rvm/gems/ruby-2.5.1/bin/rake:23
  [1m[35m (0.7ms)[0m  [1m[35mCREATE TABLE "audis" ("id" integer PRIMARY KEY AUTOINCREMENT NOT NULL, "number" integer, "number_of_seats" integer, "theatre_id" integer)[0m
  ↳ db/migrate/20181001061808_create_audi.rb:3
  [1m[36mActiveRecord::SchemaMigration Create (0.3ms)[0m  [1m[32mINSERT INTO "schema_migrations" ("version") VALUES (?)[0m  [["version", "20181001061808"]]
  ↳ /home/heena/.rvm/gems/ruby-2.5.1/bin/rake:23
  [1m[35m (5.7ms)[0m  [1m[36mcommit transaction[0m
  ↳ /home/heena/.rvm/gems/ruby-2.5.1/bin/rake:23
Migrating to CreateMovie (20181001061823)
  [1m[35m (0.1ms)[0m  [1m[36mbegin transaction[0m
  ↳ /home/heena/.rvm/gems/ruby-2.5.1/bin/rake:23
  [1m[35m (0.7ms)[0m  [1m[35mCREATE TABLE "movies" ("id" integer PRIMARY KEY AUTOINCREMENT NOT NULL, "name" varchar, "category" varchar)[0m
  ↳ db/migrate/20181001061823_create_movie.rb:3
  [1m[36mActiveRecord::SchemaMigration Create (0.3ms)[0m  [1m[32mINSERT INTO "schema_migrations" ("version") VALUES (?)[0m  [["version", "20181001061823"]]
  ↳ /home/heena/.rvm/gems/ruby-2.5.1/bin/rake:23
  [1m[35m (5.9ms)[0m  [1m[36mcommit transaction[0m
  ↳ /home/heena/.rvm/gems/ruby-2.5.1/bin/rake:23
Migrating to CreateUser (20181001061832)
  [1m[35m (0.2ms)[0m  [1m[36mbegin transaction[0m
  ↳ /home/heena/.rvm/gems/ruby-2.5.1/bin/rake:23
  [1m[35m (0.7ms)[0m  [1m[35mCREATE TABLE "users" ("id" integer PRIMARY KEY AUTOINCREMENT NOT NULL, "name" varchar, "age" integer, "phone_no" integer)[0m
  ↳ db/migrate/20181001061832_create_user.rb:3
  [1m[36mActiveRecord::SchemaMigration Create (0.4ms)[0m  [1m[32mINSERT INTO "schema_migrations" ("version") VALUES (?)[0m  [["version", "20181001061832"]]
  ↳ /home/heena/.rvm/gems/ruby-2.5.1/bin/rake:23
  [1m[35m (10.3ms)[0m  [1m[36mcommit transaction[0m
  ↳ /home/heena/.rvm/gems/ruby-2.5.1/bin/rake:23
Migrating to CreateShow (20181001061841)
  [1m[35m (0.1ms)[0m  [1m[36mbegin transaction[0m
  ↳ /home/heena/.rvm/gems/ruby-2.5.1/bin/rake:23
  [1m[35m (0.7ms)[0m  [1m[35mCREATE TABLE "shows" ("id" integer PRIMARY KEY AUTOINCREMENT NOT NULL, "time" varchar, "available_seats" varchar, "audi_id" integer, "movie_id" integer)[0m
  ↳ db/migrate/20181001061841_create_show.rb:3
  [1m[36mActiveRecord::SchemaMigration Create (0.5ms)[0m  [1m[32mINSERT INTO "schema_migrations" ("version") VALUES (?)[0m  [["version", "20181001061841"]]
  ↳ /home/heena/.rvm/gems/ruby-2.5.1/bin/rake:23
  [1m[35m (5.9ms)[0m  [1m[36mcommit transaction[0m
  ↳ /home/heena/.rvm/gems/ruby-2.5.1/bin/rake:23
Migrating to CreateBooking (20181001061913)
  [1m[35m (0.2ms)[0m  [1m[36mbegin transaction[0m
  ↳ /home/heena/.rvm/gems/ruby-2.5.1/bin/rake:23
  [1m[35m (0.8ms)[0m  [1m[35mCREATE TABLE "bookings" ("id" integer PRIMARY KEY AUTOINCREMENT NOT NULL, "seat_limit" integer, "show_id" integer, "user_id" integer)[0m
  ↳ db/migrate/20181001061913_create_booking.rb:3
  [1m[36mActiveRecord::SchemaMigration Create (0.3ms)[0m  [1m[32mINSERT INTO "schema_migrations" ("version") VALUES (?)[0m  [["version", "20181001061913"]]
  ↳ /home/heena/.rvm/gems/ruby-2.5.1/bin/rake:23
  [1m[35m (7.1ms)[0m  [1m[36mcommit transaction[0m
  ↳ /home/heena/.rvm/gems/ruby-2.5.1/bin/rake:23
Migrating to CreateTicket (20181001061942)
  [1m[35m (0.1ms)[0m  [1m[36mbegin transaction[0m
  ↳ /home/heena/.rvm/gems/ruby-2.5.1/bin/rake:23
  [1m[35m (0.7ms)[0m  [1m[35mCREATE TABLE "tickets" ("id" integer PRIMARY KEY AUTOINCREMENT NOT NULL, "booking_id" integer, "user_id" integer, "audi_id" integer)[0m
  ↳ db/migrate/20181001061942_create_ticket.rb:3
  [1m[36mActiveRecord::SchemaMigration Create (0.4ms)[0m  [1m[32mINSERT INTO "schema_migrations" ("version") VALUES (?)[0m  [["version", "20181001061942"]]
  ↳ /home/heena/.rvm/gems/ruby-2.5.1/bin/rake:23
  [1m[35m (6.5ms)[0m  [1m[36mcommit transaction[0m
  ↳ /home/heena/.rvm/gems/ruby-2.5.1/bin/rake:23
  [1m[36mActiveRecord::InternalMetadata Load (0.3ms)[0m  [1m[34mSELECT  "ar_internal_metadata".* FROM "ar_internal_metadata" WHERE "ar_internal_metadata"."key" = ? LIMIT ?[0m  [["key", "environment"], ["LIMIT", 1]]
  ↳ /home/heena/.rvm/gems/ruby-2.5.1/bin/rake:23
  [1m[35m (0.1ms)[0m  [1m[36mbegin transaction[0m
  ↳ /home/heena/.rvm/gems/ruby-2.5.1/bin/rake:23
  [1m[36mActiveRecord::InternalMetadata Create (0.3ms)[0m  [1m[32mINSERT INTO "ar_internal_metadata" ("key", "value", "created_at", "updated_at") VALUES (?, ?, ?, ?)[0m  [["key", "environment"], ["value", "development"], ["created_at", "2018-10-02 13:22:57.744443"], ["updated_at", "2018-10-02 13:22:57.744443"]]
  ↳ /home/heena/.rvm/gems/ruby-2.5.1/bin/rake:23
  [1m[35m (3.7ms)[0m  [1m[36mcommit transaction[0m
  ↳ /home/heena/.rvm/gems/ruby-2.5.1/bin/rake:23
  [1m[35m (0.1ms)[0m  [1m[34mSELECT "schema_migrations"."version" FROM "schema_migrations" ORDER BY "schema_migrations"."version" ASC[0m
  ↳ /home/heena/.rvm/gems/ruby-2.5.1/bin/rake:23
  [1m[35m (0.2ms)[0m  [1m[36mbegin transaction[0m
  [1m[36mTheatre Exists (0.2ms)[0m  [1m[34mSELECT  1 AS one FROM "theatres" WHERE "theatres"."phone_no" = ? LIMIT ?[0m  [["phone_no", 8823993655], ["LIMIT", 1]]
  [1m[36mTheatre Create (0.3ms)[0m  [1m[32mINSERT INTO "theatres" ("name", "address", "phone_no") VALUES (?, ?, ?)[0m  [["name", "LakeCityINOX"], ["address", "Udaipur"], ["phone_no", 8823993655]]
  [1m[35m (3.9ms)[0m  [1m[36mcommit transaction[0m
  [1m[35m (0.2ms)[0m  [1m[36mbegin transaction[0m
  [1m[36mTheatre Exists (0.5ms)[0m  [1m[34mSELECT  1 AS one FROM "theatres" WHERE "theatres"."phone_no" = ? LIMIT ?[0m  [["phone_no", 9166702250], ["LIMIT", 1]]
  [1m[36mTheatre Create (0.3ms)[0m  [1m[32mINSERT INTO "theatres" ("name", "address", "phone_no") VALUES (?, ?, ?)[0m  [["name", "CelebrationPVR"], ["address", "Udaipur"], ["phone_no", 9166702250]]
  [1m[35m (296.2ms)[0m  [1m[36mcommit transaction[0m
  [1m[35m (0.3ms)[0m  [1m[36mbegin transaction[0m
  [1m[36mAudi Exists (0.2ms)[0m  [1m[34mSELECT  1 AS one FROM "audis" WHERE "audis"."number" = ? LIMIT ?[0m  [["number", 1001], ["LIMIT", 1]]
  [1m[36mTheatre Load (0.2ms)[0m  [1m[34mSELECT  "theatres".* FROM "theatres" WHERE "theatres"."id" = ? LIMIT ?[0m  [["id", 1], ["LIMIT", 1]]
  [1m[36mAudi Create (0.4ms)[0m  [1m[32mINSERT INTO "audis" ("number", "number_of_seats", "theatre_id") VALUES (?, ?, ?)[0m  [["number", 1001], ["number_of_seats", 200], ["theatre_id", 1]]
  [1m[35m (5.1ms)[0m  [1m[36mcommit transaction[0m
  [1m[35m (0.3ms)[0m  [1m[36mbegin transaction[0m
  [1m[36mAudi Exists (0.6ms)[0m  [1m[34mSELECT  1 AS one FROM "audis" WHERE "audis"."number" = ? LIMIT ?[0m  [["number", 1002], ["LIMIT", 1]]
  [1m[36mTheatre Load (0.1ms)[0m  [1m[34mSELECT  "theatres".* FROM "theatres" WHERE "theatres"."id" = ? LIMIT ?[0m  [["id", 1], ["LIMIT", 1]]
  [1m[36mAudi Create (0.2ms)[0m  [1m[32mINSERT INTO "audis" ("number", "number_of_seats", "theatre_id") VALUES (?, ?, ?)[0m  [["number", 1002], ["number_of_seats", 300], ["theatre_id", 1]]
  [1m[35m (4.4ms)[0m  [1m[36mcommit transaction[0m
  [1m[35m (0.3ms)[0m  [1m[36mbegin transaction[0m
  [1m[36mAudi Exists (0.6ms)[0m  [1m[34mSELECT  1 AS one FROM "audis" WHERE "audis"."number" = ? LIMIT ?[0m  [["number", 2001], ["LIMIT", 1]]
  [1m[36mTheatre Load (0.2ms)[0m  [1m[34mSELECT  "theatres".* FROM "theatres" WHERE "theatres"."id" = ? LIMIT ?[0m  [["id", 2], ["LIMIT", 1]]
  [1m[36mAudi Create (0.2ms)[0m  [1m[32mINSERT INTO "audis" ("number", "number_of_seats", "theatre_id") VALUES (?, ?, ?)[0m  [["number", 2001], ["number_of_seats", 200], ["theatre_id", 2]]
  [1m[35m (304.2ms)[0m  [1m[36mcommit transaction[0m
  [1m[35m (0.2ms)[0m  [1m[36mbegin transaction[0m
  [1m[36mAudi Exists (0.1ms)[0m  [1m[34mSELECT  1 AS one FROM "audis" WHERE "audis"."number" = ? LIMIT ?[0m  [["number", 2002], ["LIMIT", 1]]
  [1m[36mTheatre Load (0.1ms)[0m  [1m[34mSELECT  "theatres".* FROM "theatres" WHERE "theatres"."id" = ? LIMIT ?[0m  [["id", 2], ["LIMIT", 1]]
  [1m[36mAudi Create (0.2ms)[0m  [1m[32mINSERT INTO "audis" ("number", "number_of_seats", "theatre_id") VALUES (?, ?, ?)[0m  [["number", 2002], ["number_of_seats", 300], ["theatre_id", 2]]
  [1m[35m (302.2ms)[0m  [1m[36mcommit transaction[0m
  [1m[35m (0.4ms)[0m  [1m[36mbegin transaction[0m
  [1m[36mMovie Create (0.3ms)[0m  [1m[32mINSERT INTO "movies" ("name", "category") VALUES (?, ?)[0m  [["name", "The NUN"], ["category", "Horror"]]
  [1m[35m (307.5ms)[0m  [1m[36mcommit transaction[0m
  [1m[35m (0.2ms)[0m  [1m[36mbegin transaction[0m
  [1m[36mMovie Create (1.5ms)[0m  [1m[32mINSERT INTO "movies" ("name", "category") VALUES (?, ?)[0m  [["name", "Stri"], ["category", "Horror"]]
  [1m[35m (297.5ms)[0m  [1m[36mcommit transaction[0m
  [1m[35m (0.2ms)[0m  [1m[36mbegin transaction[0m
  [1m[36mMovie Create (0.8ms)[0m  [1m[32mINSERT INTO "movies" ("name", "category") VALUES (?, ?)[0m  [["name", "Bahubali the conclusion"], ["category", "Action"]]
  [1m[35m (304.6ms)[0m  [1m[36mcommit transaction[0m
  [1m[35m (0.2ms)[0m  [1m[36mbegin transaction[0m
  [1m[36mMovie Create (0.8ms)[0m  [1m[32mINSERT INTO "movies" ("name", "category") VALUES (?, ?)[0m  [["name", "Veere The wedding"], ["category", "fiction"]]
  [1m[35m (6.1ms)[0m  [1m[36mcommit transaction[0m
  [1m[35m (0.3ms)[0m  [1m[36mbegin transaction[0m
  [1m[36mAudi Load (0.2ms)[0m  [1m[34mSELECT  "audis".* FROM "audis" WHERE "audis"."id" = ? LIMIT ?[0m  [["id", 1], ["LIMIT", 1]]
  [1m[36mMovie Load (0.1ms)[0m  [1m[34mSELECT  "movies".* FROM "movies" WHERE "movies"."id" = ? LIMIT ?[0m  [["id", 1], ["LIMIT", 1]]
  [1m[36mShow Create (0.3ms)[0m  [1m[32mINSERT INTO "shows" ("time", "available_seats", "audi_id", "movie_id") VALUES (?, ?, ?, ?)[0m  [["time", "10:00 AM-1:00 PM"], ["available_seats", "200"], ["audi_id", 1], ["movie_id", 1]]
  [1m[35m (398.8ms)[0m  [1m[36mcommit transaction[0m
  [1m[35m (0.2ms)[0m  [1m[36mbegin transaction[0m
  [1m[36mUser Exists (0.1ms)[0m  [1m[34mSELECT  1 AS one FROM "users" WHERE "users"."phone_no" = ? LIMIT ?[0m  [["phone_no", 9133493563], ["LIMIT", 1]]
  [1m[36mUser Create (0.2ms)[0m  [1m[32mINSERT INTO "users" ("name", "age", "phone_no") VALUES (?, ?, ?)[0m  [["name", "Akash"], ["age", 23], ["phone_no", 9133493563]]
  [1m[35m (4.5ms)[0m  [1m[36mcommit transaction[0m
  [1m[35m (0.3ms)[0m  [1m[36mbegin transaction[0m
  [1m[36mShow Load (0.2ms)[0m  [1m[34mSELECT  "shows".* FROM "shows" WHERE "shows"."id" = ? LIMIT ?[0m  [["id", 1], ["LIMIT", 1]]
  [1m[36mUser Load (0.1ms)[0m  [1m[34mSELECT  "users".* FROM "users" WHERE "users"."id" = ? LIMIT ?[0m  [["id", 1], ["LIMIT", 1]]
  [1m[36mBooking Create (0.2ms)[0m  [1m[32mINSERT INTO "bookings" ("seat_limit", "show_id", "user_id") VALUES (?, ?, ?)[0m  [["seat_limit", 2], ["show_id", 1], ["user_id", 1]]
  [1m[35m (3.7ms)[0m  [1m[36mcommit transaction[0m
  [1m[35m (0.1ms)[0m  [1m[34mSELECT "schema_migrations"."version" FROM "schema_migrations" ORDER BY "schema_migrations"."version" ASC[0m
  ↳ /home/heena/.rvm/gems/ruby-2.5.1/bin/rake:23
  [1m[35m (0.1ms)[0m  [1m[34mSELECT "ar_internal_metadata"."value" FROM "ar_internal_metadata" WHERE "ar_internal_metadata"."key" = ?[0m  [["key", "environment"]]
  ↳ /home/heena/.rvm/gems/ruby-2.5.1/bin/rake:23
  [1m[35m (0.1ms)[0m  [1m[34mSELECT "schema_migrations"."version" FROM "schema_migrations" ORDER BY "schema_migrations"."version" ASC[0m
  ↳ /home/heena/.rvm/gems/ruby-2.5.1/bin/rake:23
  [1m[35m (0.0ms)[0m  [1m[34mSELECT "ar_internal_metadata"."value" FROM "ar_internal_metadata" WHERE "ar_internal_metadata"."key" = ?[0m  [["key", "environment"]]
  ↳ /home/heena/.rvm/gems/ruby-2.5.1/bin/rake:23
  [1m[35m (0.0ms)[0m  [1m[34mSELECT "schema_migrations"."version" FROM "schema_migrations" ORDER BY "schema_migrations"."version" ASC[0m
  ↳ /home/heena/.rvm/gems/ruby-2.5.1/bin/rake:23
  [1m[35m (0.0ms)[0m  [1m[34mSELECT "ar_internal_metadata"."value" FROM "ar_internal_metadata" WHERE "ar_internal_metadata"."key" = ?[0m  [["key", "environment"]]
  ↳ /home/heena/.rvm/gems/ruby-2.5.1/bin/rake:23
  [1m[35m (0.1ms)[0m  [1m[34mSELECT sqlite_version(*)[0m
  ↳ /home/heena/.rvm/gems/ruby-2.5.1/bin/rake:23
  [1m[35m (4.3ms)[0m  [1m[35mCREATE TABLE "schema_migrations" ("version" varchar NOT NULL PRIMARY KEY)[0m
  ↳ /home/heena/.rvm/gems/ruby-2.5.1/bin/rake:23
  [1m[35m (14.8ms)[0m  [1m[35mCREATE TABLE "ar_internal_metadata" ("key" varchar NOT NULL PRIMARY KEY, "value" varchar, "created_at" datetime NOT NULL, "updated_at" datetime NOT NULL)[0m
  ↳ /home/heena/.rvm/gems/ruby-2.5.1/bin/rake:23
  [1m[35m (0.1ms)[0m  [1m[34mSELECT "schema_migrations"."version" FROM "schema_migrations" ORDER BY "schema_migrations"."version" ASC[0m
  ↳ /home/heena/.rvm/gems/ruby-2.5.1/bin/rake:23
Migrating to CreateTheatre (20180929012103)
  [1m[35m (0.0ms)[0m  [1m[36mbegin transaction[0m
  ↳ /home/heena/.rvm/gems/ruby-2.5.1/bin/rake:23
  [1m[35m (0.3ms)[0m  [1m[35mCREATE TABLE "theatres" ("id" integer PRIMARY KEY AUTOINCREMENT NOT NULL, "name" varchar, "address" varchar, "phone_no" integer)[0m
  ↳ db/migrate/20180929012103_create_theatre.rb:3
  [1m[36mActiveRecord::SchemaMigration Create (0.1ms)[0m  [1m[32mINSERT INTO "schema_migrations" ("version") VALUES (?)[0m  [["version", "20180929012103"]]
  ↳ /home/heena/.rvm/gems/ruby-2.5.1/bin/rake:23
  [1m[35m (5.2ms)[0m  [1m[36mcommit transaction[0m
  ↳ /home/heena/.rvm/gems/ruby-2.5.1/bin/rake:23
Migrating to CreateAudi (20181001061808)
  [1m[35m (0.1ms)[0m  [1m[36mbegin transaction[0m
  ↳ /home/heena/.rvm/gems/ruby-2.5.1/bin/rake:23
  [1m[35m (0.9ms)[0m  [1m[35mCREATE TABLE "audis" ("id" integer PRIMARY KEY AUTOINCREMENT NOT NULL, "number" integer, "number_of_seats" integer, "theatre_id" integer)[0m
  ↳ db/migrate/20181001061808_create_audi.rb:3
  [1m[36mActiveRecord::SchemaMigration Create (0.5ms)[0m  [1m[32mINSERT INTO "schema_migrations" ("version") VALUES (?)[0m  [["version", "20181001061808"]]
  ↳ /home/heena/.rvm/gems/ruby-2.5.1/bin/rake:23
  [1m[35m (5.6ms)[0m  [1m[36mcommit transaction[0m
  ↳ /home/heena/.rvm/gems/ruby-2.5.1/bin/rake:23
Migrating to CreateMovie (20181001061823)
  [1m[35m (0.1ms)[0m  [1m[36mbegin transaction[0m
  ↳ /home/heena/.rvm/gems/ruby-2.5.1/bin/rake:23
  [1m[35m (0.7ms)[0m  [1m[35mCREATE TABLE "movies" ("id" integer PRIMARY KEY AUTOINCREMENT NOT NULL, "name" varchar, "category" varchar)[0m
  ↳ db/migrate/20181001061823_create_movie.rb:3
  [1m[36mActiveRecord::SchemaMigration Create (0.4ms)[0m  [1m[32mINSERT INTO "schema_migrations" ("version") VALUES (?)[0m  [["version", "20181001061823"]]
  ↳ /home/heena/.rvm/gems/ruby-2.5.1/bin/rake:23
  [1m[35m (7.8ms)[0m  [1m[36mcommit transaction[0m
  ↳ /home/heena/.rvm/gems/ruby-2.5.1/bin/rake:23
Migrating to CreateUser (20181001061832)
  [1m[35m (0.1ms)[0m  [1m[36mbegin transaction[0m
  ↳ /home/heena/.rvm/gems/ruby-2.5.1/bin/rake:23
  [1m[35m (0.8ms)[0m  [1m[35mCREATE TABLE "users" ("id" integer PRIMARY KEY AUTOINCREMENT NOT NULL, "name" varchar, "age" integer, "phone_no" integer)[0m
  ↳ db/migrate/20181001061832_create_user.rb:3
  [1m[36mActiveRecord::SchemaMigration Create (0.3ms)[0m  [1m[32mINSERT INTO "schema_migrations" ("version") VALUES (?)[0m  [["version", "20181001061832"]]
  ↳ /home/heena/.rvm/gems/ruby-2.5.1/bin/rake:23
  [1m[35m (5.6ms)[0m  [1m[36mcommit transaction[0m
  ↳ /home/heena/.rvm/gems/ruby-2.5.1/bin/rake:23
Migrating to CreateShow (20181001061841)
  [1m[35m (0.1ms)[0m  [1m[36mbegin transaction[0m
  ↳ /home/heena/.rvm/gems/ruby-2.5.1/bin/rake:23
  [1m[35m (1.4ms)[0m  [1m[35mCREATE TABLE "shows" ("id" integer PRIMARY KEY AUTOINCREMENT NOT NULL, "time" varchar, "available_seats" varchar, "audi_id" integer, "movie_id" integer)[0m
  ↳ db/migrate/20181001061841_create_show.rb:3
  [1m[36mActiveRecord::SchemaMigration Create (0.4ms)[0m  [1m[32mINSERT INTO "schema_migrations" ("version") VALUES (?)[0m  [["version", "20181001061841"]]
  ↳ /home/heena/.rvm/gems/ruby-2.5.1/bin/rake:23
  [1m[35m (5.3ms)[0m  [1m[36mcommit transaction[0m
  ↳ /home/heena/.rvm/gems/ruby-2.5.1/bin/rake:23
Migrating to CreateBooking (20181001061913)
  [1m[35m (0.1ms)[0m  [1m[36mbegin transaction[0m
  ↳ /home/heena/.rvm/gems/ruby-2.5.1/bin/rake:23
  [1m[35m (0.5ms)[0m  [1m[35mCREATE TABLE "bookings" ("id" integer PRIMARY KEY AUTOINCREMENT NOT NULL, "seat_limit" integer, "show_id" integer, "user_id" integer)[0m
  ↳ db/migrate/20181001061913_create_booking.rb:3
  [1m[36mActiveRecord::SchemaMigration Create (0.4ms)[0m  [1m[32mINSERT INTO "schema_migrations" ("version") VALUES (?)[0m  [["version", "20181001061913"]]
  ↳ /home/heena/.rvm/gems/ruby-2.5.1/bin/rake:23
  [1m[35m (12.3ms)[0m  [1m[36mcommit transaction[0m
  ↳ /home/heena/.rvm/gems/ruby-2.5.1/bin/rake:23
Migrating to CreateTicket (20181001061942)
  [1m[35m (0.2ms)[0m  [1m[36mbegin transaction[0m
  ↳ /home/heena/.rvm/gems/ruby-2.5.1/bin/rake:23
  [1m[35m (0.7ms)[0m  [1m[35mCREATE TABLE "tickets" ("id" integer PRIMARY KEY AUTOINCREMENT NOT NULL, "booking_id" integer, "movie_id" integer, "audi_id" integer)[0m
  ↳ db/migrate/20181001061942_create_ticket.rb:3
  [1m[36mActiveRecord::SchemaMigration Create (0.3ms)[0m  [1m[32mINSERT INTO "schema_migrations" ("version") VALUES (?)[0m  [["version", "20181001061942"]]
  ↳ /home/heena/.rvm/gems/ruby-2.5.1/bin/rake:23
  [1m[35m (24.2ms)[0m  [1m[36mcommit transaction[0m
  ↳ /home/heena/.rvm/gems/ruby-2.5.1/bin/rake:23
  [1m[36mActiveRecord::InternalMetadata Load (0.4ms)[0m  [1m[34mSELECT  "ar_internal_metadata".* FROM "ar_internal_metadata" WHERE "ar_internal_metadata"."key" = ? LIMIT ?[0m  [["key", "environment"], ["LIMIT", 1]]
  ↳ /home/heena/.rvm/gems/ruby-2.5.1/bin/rake:23
  [1m[35m (0.1ms)[0m  [1m[36mbegin transaction[0m
  ↳ /home/heena/.rvm/gems/ruby-2.5.1/bin/rake:23
  [1m[36mActiveRecord::InternalMetadata Create (0.5ms)[0m  [1m[32mINSERT INTO "ar_internal_metadata" ("key", "value", "created_at", "updated_at") VALUES (?, ?, ?, ?)[0m  [["key", "environment"], ["value", "development"], ["created_at", "2018-10-02 13:40:34.449972"], ["updated_at", "2018-10-02 13:40:34.449972"]]
  ↳ /home/heena/.rvm/gems/ruby-2.5.1/bin/rake:23
  [1m[35m (4.0ms)[0m  [1m[36mcommit transaction[0m
  ↳ /home/heena/.rvm/gems/ruby-2.5.1/bin/rake:23
  [1m[35m (0.3ms)[0m  [1m[34mSELECT "schema_migrations"."version" FROM "schema_migrations" ORDER BY "schema_migrations"."version" ASC[0m
  ↳ /home/heena/.rvm/gems/ruby-2.5.1/bin/rake:23
  [1m[35m (0.1ms)[0m  [1m[36mbegin transaction[0m
  [1m[36mTheatre Exists (0.2ms)[0m  [1m[34mSELECT  1 AS one FROM "theatres" WHERE "theatres"."phone_no" = ? LIMIT ?[0m  [["phone_no", 8823993655], ["LIMIT", 1]]
  [1m[36mTheatre Create (0.3ms)[0m  [1m[32mINSERT INTO "theatres" ("name", "address", "phone_no") VALUES (?, ?, ?)[0m  [["name", "LakeCityINOX"], ["address", "Udaipur"], ["phone_no", 8823993655]]
  [1m[35m (293.6ms)[0m  [1m[36mcommit transaction[0m
  [1m[35m (0.3ms)[0m  [1m[36mbegin transaction[0m
  [1m[36mTheatre Exists (0.2ms)[0m  [1m[34mSELECT  1 AS one FROM "theatres" WHERE "theatres"."phone_no" = ? LIMIT ?[0m  [["phone_no", 9166702250], ["LIMIT", 1]]
  [1m[36mTheatre Create (0.2ms)[0m  [1m[32mINSERT INTO "theatres" ("name", "address", "phone_no") VALUES (?, ?, ?)[0m  [["name", "CelebrationPVR"], ["address", "Udaipur"], ["phone_no", 9166702250]]
  [1m[35m (3.4ms)[0m  [1m[36mcommit transaction[0m
  [1m[35m (0.2ms)[0m  [1m[36mbegin transaction[0m
  [1m[36mAudi Exists (0.1ms)[0m  [1m[34mSELECT  1 AS one FROM "audis" WHERE "audis"."number" = ? LIMIT ?[0m  [["number", 1001], ["LIMIT", 1]]
  [1m[36mTheatre Load (0.2ms)[0m  [1m[34mSELECT  "theatres".* FROM "theatres" WHERE "theatres"."id" = ? LIMIT ?[0m  [["id", 1], ["LIMIT", 1]]
  [1m[36mAudi Create (0.8ms)[0m  [1m[32mINSERT INTO "audis" ("number", "number_of_seats", "theatre_id") VALUES (?, ?, ?)[0m  [["number", 1001], ["number_of_seats", 200], ["theatre_id", 1]]
  [1m[35m (4.7ms)[0m  [1m[36mcommit transaction[0m
  [1m[35m (0.3ms)[0m  [1m[36mbegin transaction[0m
  [1m[36mAudi Exists (0.6ms)[0m  [1m[34mSELECT  1 AS one FROM "audis" WHERE "audis"."number" = ? LIMIT ?[0m  [["number", 1002], ["LIMIT", 1]]
  [1m[36mTheatre Load (0.2ms)[0m  [1m[34mSELECT  "theatres".* FROM "theatres" WHERE "theatres"."id" = ? LIMIT ?[0m  [["id", 1], ["LIMIT", 1]]
  [1m[36mAudi Create (0.2ms)[0m  [1m[32mINSERT INTO "audis" ("number", "number_of_seats", "theatre_id") VALUES (?, ?, ?)[0m  [["number", 1002], ["number_of_seats", 300], ["theatre_id", 1]]
  [1m[35m (4.4ms)[0m  [1m[36mcommit transaction[0m
  [1m[35m (0.3ms)[0m  [1m[36mbegin transaction[0m
  [1m[36mAudi Exists (0.2ms)[0m  [1m[34mSELECT  1 AS one FROM "audis" WHERE "audis"."number" = ? LIMIT ?[0m  [["number", 2001], ["LIMIT", 1]]
  [1m[36mTheatre Load (0.1ms)[0m  [1m[34mSELECT  "theatres".* FROM "theatres" WHERE "theatres"."id" = ? LIMIT ?[0m  [["id", 2], ["LIMIT", 1]]
  [1m[36mAudi Create (0.2ms)[0m  [1m[32mINSERT INTO "audis" ("number", "number_of_seats", "theatre_id") VALUES (?, ?, ?)[0m  [["number", 2001], ["number_of_seats", 200], ["theatre_id", 2]]
  [1m[35m (5.0ms)[0m  [1m[36mcommit transaction[0m
  [1m[35m (0.3ms)[0m  [1m[36mbegin transaction[0m
  [1m[36mAudi Exists (0.2ms)[0m  [1m[34mSELECT  1 AS one FROM "audis" WHERE "audis"."number" = ? LIMIT ?[0m  [["number", 2002], ["LIMIT", 1]]
  [1m[36mTheatre Load (0.1ms)[0m  [1m[34mSELECT  "theatres".* FROM "theatres" WHERE "theatres"."id" = ? LIMIT ?[0m  [["id", 2], ["LIMIT", 1]]
  [1m[36mAudi Create (0.2ms)[0m  [1m[32mINSERT INTO "audis" ("number", "number_of_seats", "theatre_id") VALUES (?, ?, ?)[0m  [["number", 2002], ["number_of_seats", 300], ["theatre_id", 2]]
  [1m[35m (4.0ms)[0m  [1m[36mcommit transaction[0m
  [1m[35m (0.4ms)[0m  [1m[36mbegin transaction[0m
  [1m[36mMovie Create (0.9ms)[0m  [1m[32mINSERT INTO "movies" ("name", "category") VALUES (?, ?)[0m  [["name", "The NUN"], ["category", "Horror"]]
  [1m[35m (298.4ms)[0m  [1m[36mcommit transaction[0m
  [1m[35m (0.2ms)[0m  [1m[36mbegin transaction[0m
  [1m[36mMovie Create (1.2ms)[0m  [1m[32mINSERT INTO "movies" ("name", "category") VALUES (?, ?)[0m  [["name", "Stri"], ["category", "Horror"]]
  [1m[35m (4.3ms)[0m  [1m[36mcommit transaction[0m
  [1m[35m (0.2ms)[0m  [1m[36mbegin transaction[0m
  [1m[36mMovie Create (0.8ms)[0m  [1m[32mINSERT INTO "movies" ("name", "category") VALUES (?, ?)[0m  [["name", "Bahubali the conclusion"], ["category", "Action"]]
  [1m[35m (4.5ms)[0m  [1m[36mcommit transaction[0m
  [1m[35m (0.3ms)[0m  [1m[36mbegin transaction[0m
  [1m[36mMovie Create (0.9ms)[0m  [1m[32mINSERT INTO "movies" ("name", "category") VALUES (?, ?)[0m  [["name", "Veere The wedding"], ["category", "fiction"]]
  [1m[35m (317.9ms)[0m  [1m[36mcommit transaction[0m
  [1m[35m (0.2ms)[0m  [1m[36mbegin transaction[0m
  [1m[36mAudi Load (0.2ms)[0m  [1m[34mSELECT  "audis".* FROM "audis" WHERE "audis"."id" = ? LIMIT ?[0m  [["id", 1], ["LIMIT", 1]]
  [1m[36mMovie Load (0.1ms)[0m  [1m[34mSELECT  "movies".* FROM "movies" WHERE "movies"."id" = ? LIMIT ?[0m  [["id", 1], ["LIMIT", 1]]
  [1m[36mShow Create (0.3ms)[0m  [1m[32mINSERT INTO "shows" ("time", "available_seats", "audi_id", "movie_id") VALUES (?, ?, ?, ?)[0m  [["time", "10:00 AM-1:00 PM"], ["available_seats", "200"], ["audi_id", 1], ["movie_id", 1]]
  [1m[35m (4.0ms)[0m  [1m[36mcommit transaction[0m
  [1m[35m (0.2ms)[0m  [1m[36mbegin transaction[0m
  [1m[36mUser Exists (0.3ms)[0m  [1m[34mSELECT  1 AS one FROM "users" WHERE "users"."phone_no" = ? LIMIT ?[0m  [["phone_no", 9133493563], ["LIMIT", 1]]
  [1m[36mUser Create (0.3ms)[0m  [1m[32mINSERT INTO "users" ("name", "age", "phone_no") VALUES (?, ?, ?)[0m  [["name", "Akash"], ["age", 23], ["phone_no", 9133493563]]
  [1m[35m (4.2ms)[0m  [1m[36mcommit transaction[0m
  [1m[35m (0.3ms)[0m  [1m[36mbegin transaction[0m
  [1m[36mShow Load (0.2ms)[0m  [1m[34mSELECT  "shows".* FROM "shows" WHERE "shows"."id" = ? LIMIT ?[0m  [["id", 1], ["LIMIT", 1]]
  [1m[36mUser Load (0.1ms)[0m  [1m[34mSELECT  "users".* FROM "users" WHERE "users"."id" = ? LIMIT ?[0m  [["id", 1], ["LIMIT", 1]]
  [1m[36mBooking Create (0.2ms)[0m  [1m[32mINSERT INTO "bookings" ("seat_limit", "show_id", "user_id") VALUES (?, ?, ?)[0m  [["seat_limit", 2], ["show_id", 1], ["user_id", 1]]
  [1m[35m (4.4ms)[0m  [1m[36mcommit transaction[0m
  [1m[35m (0.2ms)[0m  [1m[36mbegin transaction[0m
  [1m[36mMovie Load (0.1ms)[0m  [1m[34mSELECT  "movies".* FROM "movies" WHERE "movies"."id" = ? LIMIT ?[0m  [["id", 1], ["LIMIT", 1]]
  [1m[36mAudi Load (0.1ms)[0m  [1m[34mSELECT  "audis".* FROM "audis" WHERE "audis"."id" = ? LIMIT ?[0m  [["id", 1], ["LIMIT", 1]]
  [1m[36mBooking Load (0.1ms)[0m  [1m[34mSELECT  "bookings".* FROM "bookings" WHERE "bookings"."id" = ? LIMIT ?[0m  [["id", 1], ["LIMIT", 1]]
  [1m[36mTicket Create (0.6ms)[0m  [1m[32mINSERT INTO "tickets" ("booking_id", "movie_id", "audi_id") VALUES (?, ?, ?)[0m  [["booking_id", 1], ["movie_id", 1], ["audi_id", 1]]
  [1m[35m (307.0ms)[0m  [1m[36mcommit transaction[0m
  [1m[35m (0.3ms)[0m  [1m[36mbegin transaction[0m
  [1m[36mMovie Load (0.4ms)[0m  [1m[34mSELECT  "movies".* FROM "movies" WHERE "movies"."id" = ? LIMIT ?[0m  [["id", 1], ["LIMIT", 1]]
  [1m[36mAudi Load (0.1ms)[0m  [1m[34mSELECT  "audis".* FROM "audis" WHERE "audis"."id" = ? LIMIT ?[0m  [["id", 1], ["LIMIT", 1]]
  [1m[36mBooking Load (0.1ms)[0m  [1m[34mSELECT  "bookings".* FROM "bookings" WHERE "bookings"."id" = ? LIMIT ?[0m  [["id", 1], ["LIMIT", 1]]
  [1m[36mTicket Create (0.2ms)[0m  [1m[32mINSERT INTO "tickets" ("booking_id", "movie_id", "audi_id") VALUES (?, ?, ?)[0m  [["booking_id", 1], ["movie_id", 1], ["audi_id", 1]]
  [1m[35m (316.2ms)[0m  [1m[36mcommit transaction[0m
  [1m[35m (0.2ms)[0m  [1m[36mbegin transaction[0m
  [1m[36mUser Exists (0.5ms)[0m  [1m[34mSELECT  1 AS one FROM "users" WHERE "users"."phone_no" = ? LIMIT ?[0m  [["phone_no", 9133445563], ["LIMIT", 1]]
  [1m[36mUser Create (0.3ms)[0m  [1m[32mINSERT INTO "users" ("name", "age", "phone_no") VALUES (?, ?, ?)[0m  [["name", "rayiansh"], ["age", 33], ["phone_no", 9133445563]]
  [1m[35m (442.2ms)[0m  [1m[36mcommit transaction[0m
  [1m[35m (0.3ms)[0m  [1m[36mbegin transaction[0m
  [1m[36mShow Load (0.1ms)[0m  [1m[34mSELECT  "shows".* FROM "shows" WHERE "shows"."id" = ? LIMIT ?[0m  [["id", 1], ["LIMIT", 1]]
  [1m[36mUser Load (0.1ms)[0m  [1m[34mSELECT  "users".* FROM "users" WHERE "users"."id" = ? LIMIT ?[0m  [["id", 2], ["LIMIT", 1]]
  [1m[36mBooking Create (0.2ms)[0m  [1m[32mINSERT INTO "bookings" ("seat_limit", "show_id", "user_id") VALUES (?, ?, ?)[0m  [["seat_limit", 3], ["show_id", 1], ["user_id", 2]]
  [1m[35m (3.7ms)[0m  [1m[36mcommit transaction[0m
  [1m[35m (0.3ms)[0m  [1m[36mbegin transaction[0m
  [1m[36mMovie Load (0.2ms)[0m  [1m[34mSELECT  "movies".* FROM "movies" WHERE "movies"."id" = ? LIMIT ?[0m  [["id", 1], ["LIMIT", 1]]
  [1m[36mAudi Load (0.1ms)[0m  [1m[34mSELECT  "audis".* FROM "audis" WHERE "audis"."id" = ? LIMIT ?[0m  [["id", 1], ["LIMIT", 1]]
  [1m[36mBooking Load (0.1ms)[0m  [1m[34mSELECT  "bookings".* FROM "bookings" WHERE "bookings"."id" = ? LIMIT ?[0m  [["id", 2], ["LIMIT", 1]]
  [1m[36mTicket Create (0.3ms)[0m  [1m[32mINSERT INTO "tickets" ("booking_id", "movie_id", "audi_id") VALUES (?, ?, ?)[0m  [["booking_id", 2], ["movie_id", 1], ["audi_id", 1]]
  [1m[35m (3.9ms)[0m  [1m[36mcommit transaction[0m
  [1m[35m (0.2ms)[0m  [1m[36mbegin transaction[0m
  [1m[36mTicket Load (0.2ms)[0m  [1m[34mSELECT "tickets".* FROM "tickets" WHERE "tickets"."booking_id" = ?[0m  [["booking_id", 1]]
  [1m[36mTicket Destroy (0.2ms)[0m  [1m[31mDELETE FROM "tickets" WHERE "tickets"."id" = ?[0m  [["id", 1]]
  [1m[36mTicket Destroy (0.1ms)[0m  [1m[31mDELETE FROM "tickets" WHERE "tickets"."id" = ?[0m  [["id", 2]]
  [1m[36mBooking Destroy (0.1ms)[0m  [1m[31mDELETE FROM "bookings" WHERE "bookings"."id" = ?[0m  [["id", 1]]
  [1m[35m (3.8ms)[0m  [1m[36mcommit transaction[0m
  [1m[35m (0.3ms)[0m  [1m[36mbegin transaction[0m
  [1m[36mShow Load (0.1ms)[0m  [1m[34mSELECT  "shows".* FROM "shows" WHERE "shows"."id" = ? LIMIT ?[0m  [["id", 1], ["LIMIT", 1]]
  [1m[35m (0.1ms)[0m  [1m[31mrollback transaction[0m
  [1m[35m (0.2ms)[0m  [1m[36mbegin transaction[0m
  [1m[36mTheatre Exists (0.2ms)[0m  [1m[34mSELECT  1 AS one FROM "theatres" WHERE "theatres"."phone_no" = ? LIMIT ?[0m  [["phone_no", 8823993655], ["LIMIT", 1]]
  [1m[35m (0.1ms)[0m  [1m[31mrollback transaction[0m
  [1m[35m (0.1ms)[0m  [1m[34mSELECT "schema_migrations"."version" FROM "schema_migrations" ORDER BY "schema_migrations"."version" ASC[0m
  ↳ /home/heena/.rvm/gems/ruby-2.5.1/bin/rake:23
  [1m[35m (0.1ms)[0m  [1m[34mSELECT "ar_internal_metadata"."value" FROM "ar_internal_metadata" WHERE "ar_internal_metadata"."key" = ?[0m  [["key", "environment"]]
  ↳ /home/heena/.rvm/gems/ruby-2.5.1/bin/rake:23
  [1m[35m (0.1ms)[0m  [1m[34mSELECT "schema_migrations"."version" FROM "schema_migrations" ORDER BY "schema_migrations"."version" ASC[0m
  ↳ /home/heena/.rvm/gems/ruby-2.5.1/bin/rake:23
  [1m[35m (0.1ms)[0m  [1m[34mSELECT "ar_internal_metadata"."value" FROM "ar_internal_metadata" WHERE "ar_internal_metadata"."key" = ?[0m  [["key", "environment"]]
  ↳ /home/heena/.rvm/gems/ruby-2.5.1/bin/rake:23
  [1m[35m (0.0ms)[0m  [1m[34mSELECT "schema_migrations"."version" FROM "schema_migrations" ORDER BY "schema_migrations"."version" ASC[0m
  ↳ /home/heena/.rvm/gems/ruby-2.5.1/bin/rake:23
  [1m[35m (0.0ms)[0m  [1m[34mSELECT "ar_internal_metadata"."value" FROM "ar_internal_metadata" WHERE "ar_internal_metadata"."key" = ?[0m  [["key", "environment"]]
  ↳ /home/heena/.rvm/gems/ruby-2.5.1/bin/rake:23
  [1m[35m (0.1ms)[0m  [1m[34mSELECT sqlite_version(*)[0m
  ↳ /home/heena/.rvm/gems/ruby-2.5.1/bin/rake:23
  [1m[35m (4.6ms)[0m  [1m[35mCREATE TABLE "schema_migrations" ("version" varchar NOT NULL PRIMARY KEY)[0m
  ↳ /home/heena/.rvm/gems/ruby-2.5.1/bin/rake:23
  [1m[35m (5.9ms)[0m  [1m[35mCREATE TABLE "ar_internal_metadata" ("key" varchar NOT NULL PRIMARY KEY, "value" varchar, "created_at" datetime NOT NULL, "updated_at" datetime NOT NULL)[0m
  ↳ /home/heena/.rvm/gems/ruby-2.5.1/bin/rake:23
  [1m[35m (0.1ms)[0m  [1m[34mSELECT "schema_migrations"."version" FROM "schema_migrations" ORDER BY "schema_migrations"."version" ASC[0m
  ↳ /home/heena/.rvm/gems/ruby-2.5.1/bin/rake:23
Migrating to CreateTheatre (20180929012103)
  [1m[35m (0.1ms)[0m  [1m[36mbegin transaction[0m
  ↳ /home/heena/.rvm/gems/ruby-2.5.1/bin/rake:23
  [1m[35m (0.3ms)[0m  [1m[35mCREATE TABLE "theatres" ("id" integer PRIMARY KEY AUTOINCREMENT NOT NULL, "name" varchar, "address" varchar, "phone_no" integer)[0m
  ↳ db/migrate/20180929012103_create_theatre.rb:3
  [1m[36mActiveRecord::SchemaMigration Create (0.1ms)[0m  [1m[32mINSERT INTO "schema_migrations" ("version") VALUES (?)[0m  [["version", "20180929012103"]]
  ↳ /home/heena/.rvm/gems/ruby-2.5.1/bin/rake:23
  [1m[35m (11.2ms)[0m  [1m[36mcommit transaction[0m
  ↳ /home/heena/.rvm/gems/ruby-2.5.1/bin/rake:23
Migrating to CreateAudi (20181001061808)
  [1m[35m (0.1ms)[0m  [1m[36mbegin transaction[0m
  ↳ /home/heena/.rvm/gems/ruby-2.5.1/bin/rake:23
  [1m[35m (0.4ms)[0m  [1m[35mCREATE TABLE "audis" ("id" integer PRIMARY KEY AUTOINCREMENT NOT NULL, "number" integer, "number_of_seats" integer, "theatre_id" integer)[0m
  ↳ db/migrate/20181001061808_create_audi.rb:3
  [1m[36mActiveRecord::SchemaMigration Create (0.2ms)[0m  [1m[32mINSERT INTO "schema_migrations" ("version") VALUES (?)[0m  [["version", "20181001061808"]]
  ↳ /home/heena/.rvm/gems/ruby-2.5.1/bin/rake:23
  [1m[35m (4.5ms)[0m  [1m[36mcommit transaction[0m
  ↳ /home/heena/.rvm/gems/ruby-2.5.1/bin/rake:23
Migrating to CreateMovie (20181001061823)
  [1m[35m (0.0ms)[0m  [1m[36mbegin transaction[0m
  ↳ /home/heena/.rvm/gems/ruby-2.5.1/bin/rake:23
  [1m[35m (0.2ms)[0m  [1m[35mCREATE TABLE "movies" ("id" integer PRIMARY KEY AUTOINCREMENT NOT NULL, "name" varchar, "category" varchar)[0m
  ↳ db/migrate/20181001061823_create_movie.rb:3
  [1m[36mActiveRecord::SchemaMigration Create (0.1ms)[0m  [1m[32mINSERT INTO "schema_migrations" ("version") VALUES (?)[0m  [["version", "20181001061823"]]
  ↳ /home/heena/.rvm/gems/ruby-2.5.1/bin/rake:23
  [1m[35m (4.7ms)[0m  [1m[36mcommit transaction[0m
  ↳ /home/heena/.rvm/gems/ruby-2.5.1/bin/rake:23
Migrating to CreateUser (20181001061832)
  [1m[35m (0.1ms)[0m  [1m[36mbegin transaction[0m
  ↳ /home/heena/.rvm/gems/ruby-2.5.1/bin/rake:23
  [1m[35m (0.3ms)[0m  [1m[35mCREATE TABLE "users" ("id" integer PRIMARY KEY AUTOINCREMENT NOT NULL, "name" varchar, "age" integer, "phone_no" integer)[0m
  ↳ db/migrate/20181001061832_create_user.rb:3
  [1m[36mActiveRecord::SchemaMigration Create (0.3ms)[0m  [1m[32mINSERT INTO "schema_migrations" ("version") VALUES (?)[0m  [["version", "20181001061832"]]
  ↳ /home/heena/.rvm/gems/ruby-2.5.1/bin/rake:23
  [1m[35m (5.0ms)[0m  [1m[36mcommit transaction[0m
  ↳ /home/heena/.rvm/gems/ruby-2.5.1/bin/rake:23
Migrating to CreateShow (20181001061841)
  [1m[35m (0.0ms)[0m  [1m[36mbegin transaction[0m
  ↳ /home/heena/.rvm/gems/ruby-2.5.1/bin/rake:23
  [1m[35m (0.2ms)[0m  [1m[35mCREATE TABLE "shows" ("id" integer PRIMARY KEY AUTOINCREMENT NOT NULL, "time" varchar, "available_seats" varchar, "audi_id" integer, "movie_id" integer)[0m
  ↳ db/migrate/20181001061841_create_show.rb:3
  [1m[36mActiveRecord::SchemaMigration Create (0.1ms)[0m  [1m[32mINSERT INTO "schema_migrations" ("version") VALUES (?)[0m  [["version", "20181001061841"]]
  ↳ /home/heena/.rvm/gems/ruby-2.5.1/bin/rake:23
  [1m[35m (4.5ms)[0m  [1m[36mcommit transaction[0m
  ↳ /home/heena/.rvm/gems/ruby-2.5.1/bin/rake:23
Migrating to CreateBooking (20181001061913)
  [1m[35m (0.0ms)[0m  [1m[36mbegin transaction[0m
  ↳ /home/heena/.rvm/gems/ruby-2.5.1/bin/rake:23
  [1m[35m (0.3ms)[0m  [1m[35mCREATE TABLE "bookings" ("id" integer PRIMARY KEY AUTOINCREMENT NOT NULL, "seat_limit" integer, "show_id" integer, "user_id" integer)[0m
  ↳ db/migrate/20181001061913_create_booking.rb:3
  [1m[36mActiveRecord::SchemaMigration Create (0.1ms)[0m  [1m[32mINSERT INTO "schema_migrations" ("version") VALUES (?)[0m  [["version", "20181001061913"]]
  ↳ /home/heena/.rvm/gems/ruby-2.5.1/bin/rake:23
  [1m[35m (6.5ms)[0m  [1m[36mcommit transaction[0m
  ↳ /home/heena/.rvm/gems/ruby-2.5.1/bin/rake:23
Migrating to CreateTicket (20181001061942)
  [1m[35m (0.2ms)[0m  [1m[36mbegin transaction[0m
  ↳ /home/heena/.rvm/gems/ruby-2.5.1/bin/rake:23
  [1m[35m (1.0ms)[0m  [1m[35mCREATE TABLE "tickets" ("id" integer PRIMARY KEY AUTOINCREMENT NOT NULL, "booking_id" integer, "movie_id" integer, "audi_id" integer)[0m
  ↳ db/migrate/20181001061942_create_ticket.rb:3
  [1m[36mActiveRecord::SchemaMigration Create (0.6ms)[0m  [1m[32mINSERT INTO "schema_migrations" ("version") VALUES (?)[0m  [["version", "20181001061942"]]
  ↳ /home/heena/.rvm/gems/ruby-2.5.1/bin/rake:23
  [1m[35m (6.8ms)[0m  [1m[36mcommit transaction[0m
  ↳ /home/heena/.rvm/gems/ruby-2.5.1/bin/rake:23
  [1m[36mActiveRecord::InternalMetadata Load (0.5ms)[0m  [1m[34mSELECT  "ar_internal_metadata".* FROM "ar_internal_metadata" WHERE "ar_internal_metadata"."key" = ? LIMIT ?[0m  [["key", "environment"], ["LIMIT", 1]]
  ↳ /home/heena/.rvm/gems/ruby-2.5.1/bin/rake:23
  [1m[35m (0.1ms)[0m  [1m[36mbegin transaction[0m
  ↳ /home/heena/.rvm/gems/ruby-2.5.1/bin/rake:23
  [1m[36mActiveRecord::InternalMetadata Create (0.5ms)[0m  [1m[32mINSERT INTO "ar_internal_metadata" ("key", "value", "created_at", "updated_at") VALUES (?, ?, ?, ?)[0m  [["key", "environment"], ["value", "development"], ["created_at", "2018-10-02 16:20:24.452711"], ["updated_at", "2018-10-02 16:20:24.452711"]]
  ↳ /home/heena/.rvm/gems/ruby-2.5.1/bin/rake:23
  [1m[35m (6.2ms)[0m  [1m[36mcommit transaction[0m
  ↳ /home/heena/.rvm/gems/ruby-2.5.1/bin/rake:23
  [1m[35m (0.2ms)[0m  [1m[34mSELECT "schema_migrations"."version" FROM "schema_migrations" ORDER BY "schema_migrations"."version" ASC[0m
  ↳ /home/heena/.rvm/gems/ruby-2.5.1/bin/rake:23
